127.0.0.1 - - [17/May/2017:19:11:15 +0530] "" 400 1797
0:0:0:0:0:0:0:1 - - [17/May/2017:19:11:27 +0530] "GET / HTTP/1.1" 200 7495
0:0:0:0:0:0:0:1 - - [17/May/2017:19:11:27 +0530] "GET /files/fitnesse/css/fitnesse_wiki.css HTTP/1.1" 200 3531
0:0:0:0:0:0:0:1 - - [17/May/2017:19:11:27 +0530] "GET /files/fitnesse/wysiwyg/wysiwyg.css HTTP/1.1" 200 6617
0:0:0:0:0:0:0:1 - - [17/May/2017:19:11:27 +0530] "GET /files/fitnesse/question.mark/question.mark.css HTTP/1.1" 200 3375
0:0:0:0:0:0:0:1 - - [17/May/2017:19:11:27 +0530] "GET /files/fitnesse/css/fitnesse_straight.css HTTP/1.1" 200 3860
0:0:0:0:0:0:0:1 - - [17/May/2017:19:11:27 +0530] "GET /files/fitnesse/css/fitnesse_pages.css HTTP/1.1" 200 5294
0:0:0:0:0:0:0:1 - - [17/May/2017:19:11:27 +0530] "GET /files/fitnesse/javascript/jquery-1.7.2.min.js HTTP/1.1" 200 94840
0:0:0:0:0:0:0:1 - - [17/May/2017:19:11:27 +0530] "GET /files/fitnesse/javascript/fitnesse.js HTTP/1.1" 200 6770
0:0:0:0:0:0:0:1 - - [17/May/2017:19:11:27 +0530] "GET /files/fitnesse/javascript/fitnesse_straight.js HTTP/1.1" 200 354
0:0:0:0:0:0:0:1 - - [17/May/2017:19:11:27 +0530] "GET /files/fitnesse/javascript/mousetrap.min.js HTTP/1.1" 200 3850
0:0:0:0:0:0:0:1 - - [17/May/2017:19:11:27 +0530] "GET /files/fitnesse/question.mark/question.mark.js HTTP/1.1" 200 5439
0:0:0:0:0:0:0:1 - - [17/May/2017:19:11:27 +0530] "GET /files/fitnesse/images/fitnesse-logo.png HTTP/1.1" 200 20022
0:0:0:0:0:0:0:1 - - [17/May/2017:19:11:27 +0530] "GET /files/fitnesse/images/favicon.png HTTP/1.1" 200 6306
0:0:0:0:0:0:0:1 - - [17/May/2017:19:11:34 +0530] "GET /FrontPage?new&pageTemplate=.TemplateLibrary.TestPage HTTP/1.1" 200 4876
0:0:0:0:0:0:0:1 - - [17/May/2017:19:11:34 +0530] "GET /files/fitnesse/wysiwyg/editor.css HTTP/1.1" 200 1473
0:0:0:0:0:0:0:1 - - [17/May/2017:19:11:34 +0530] "GET /files/fitnesse/css/fitnesse_straight.css HTTP/1.1" 304 0
0:0:0:0:0:0:0:1 - - [17/May/2017:19:11:34 +0530] "GET /files/fitnesse/question.mark/question.mark.css HTTP/1.1" 304 0
0:0:0:0:0:0:0:1 - - [17/May/2017:19:11:34 +0530] "GET /files/fitnesse/css/fitnesse_wiki.css HTTP/1.1" 304 0
0:0:0:0:0:0:0:1 - - [17/May/2017:19:11:34 +0530] "GET /files/fitnesse/css/fitnesse_pages.css HTTP/1.1" 304 0
0:0:0:0:0:0:0:1 - - [17/May/2017:19:11:34 +0530] "GET /files/fitnesse/wysiwyg/wysiwyg.css HTTP/1.1" 304 0
0:0:0:0:0:0:0:1 - - [17/May/2017:19:11:34 +0530] "GET /files/fitnesse/javascript/textinputs_jquery.js HTTP/1.1" 200 3593
0:0:0:0:0:0:0:1 - - [17/May/2017:19:11:34 +0530] "GET /files/fitnesse/javascript/SpreadsheetTranslator.js HTTP/1.1" 200 3378
0:0:0:0:0:0:0:1 - - [17/May/2017:19:11:34 +0530] "GET /files/fitnesse/javascript/jquery-1.7.2.min.js HTTP/1.1" 304 0
0:0:0:0:0:0:0:1 - - [17/May/2017:19:11:34 +0530] "GET /files/fitnesse/javascript/fitnesse.js HTTP/1.1" 304 0
0:0:0:0:0:0:0:1 - - [17/May/2017:19:11:34 +0530] "GET /files/fitnesse/javascript/fitnesse_straight.js HTTP/1.1" 304 0
0:0:0:0:0:0:0:1 - - [17/May/2017:19:11:34 +0530] "GET /files/fitnesse/javascript/TemplateInserter.js HTTP/1.1" 200 472
0:0:0:0:0:0:0:1 - - [17/May/2017:19:11:34 +0530] "GET /files/fitnesse/javascript/WikiFormatter.js HTTP/1.1" 200 9366
0:0:0:0:0:0:0:1 - - [17/May/2017:19:11:34 +0530] "GET /files/fitnesse/javascript/jquery.tagsinput.js HTTP/1.1" 200 10694
0:0:0:0:0:0:0:1 - - [17/May/2017:19:11:34 +0530] "GET /files/fitnesse/wysiwyg/wysiwyg.js HTTP/1.1" 200 122247
0:0:0:0:0:0:0:1 - - [17/May/2017:19:11:34 +0530] "GET /files/fitnesse/images/fitnesse-logo.png HTTP/1.1" 304 0
0:0:0:0:0:0:0:1 - - [17/May/2017:19:11:34 +0530] "GET /files/fitnesse/wysiwyg/menusprite.png HTTP/1.1" 200 27668
0:0:0:0:0:0:0:1 - - [17/May/2017:19:13:46 +0530] "GET /FrontPage?new&pageTemplate=.TemplateLibrary.TestPage HTTP/1.1" 200 4876
0:0:0:0:0:0:0:1 - - [17/May/2017:19:13:46 +0530] "GET /files/fitnesse/css/fitnesse_straight.css HTTP/1.1" 304 0
0:0:0:0:0:0:0:1 - - [17/May/2017:19:13:46 +0530] "GET /files/fitnesse/wysiwyg/wysiwyg.css HTTP/1.1" 304 0
0:0:0:0:0:0:0:1 - - [17/May/2017:19:13:46 +0530] "GET /files/fitnesse/question.mark/question.mark.css HTTP/1.1" 304 0
0:0:0:0:0:0:0:1 - - [17/May/2017:19:13:46 +0530] "GET /files/fitnesse/css/fitnesse_pages.css HTTP/1.1" 304 0
0:0:0:0:0:0:0:1 - - [17/May/2017:19:13:46 +0530] "GET /files/fitnesse/css/fitnesse_wiki.css HTTP/1.1" 304 0
0:0:0:0:0:0:0:1 - - [17/May/2017:19:13:46 +0530] "GET /files/fitnesse/wysiwyg/editor.css HTTP/1.1" 304 0
0:0:0:0:0:0:0:1 - - [17/May/2017:19:13:46 +0530] "GET /files/fitnesse/javascript/jquery-1.7.2.min.js HTTP/1.1" 304 0
0:0:0:0:0:0:0:1 - - [17/May/2017:19:13:46 +0530] "GET /files/fitnesse/javascript/fitnesse_straight.js HTTP/1.1" 304 0
0:0:0:0:0:0:0:1 - - [17/May/2017:19:13:46 +0530] "GET /files/fitnesse/javascript/fitnesse.js HTTP/1.1" 304 0
0:0:0:0:0:0:0:1 - - [17/May/2017:19:13:46 +0530] "GET /files/fitnesse/javascript/SpreadsheetTranslator.js HTTP/1.1" 304 0
0:0:0:0:0:0:0:1 - - [17/May/2017:19:13:46 +0530] "GET /files/fitnesse/javascript/WikiFormatter.js HTTP/1.1" 304 0
0:0:0:0:0:0:0:1 - - [17/May/2017:19:13:46 +0530] "GET /files/fitnesse/javascript/TemplateInserter.js HTTP/1.1" 304 0
0:0:0:0:0:0:0:1 - - [17/May/2017:19:13:46 +0530] "GET /files/fitnesse/wysiwyg/wysiwyg.js HTTP/1.1" 304 0
0:0:0:0:0:0:0:1 - - [17/May/2017:19:13:46 +0530] "GET /files/fitnesse/javascript/jquery.tagsinput.js HTTP/1.1" 304 0
0:0:0:0:0:0:0:1 - - [17/May/2017:19:13:46 +0530] "GET /files/fitnesse/javascript/textinputs_jquery.js HTTP/1.1" 304 0
0:0:0:0:0:0:0:1 - - [17/May/2017:19:13:46 +0530] "GET /files/fitnesse/images/fitnesse-logo.png HTTP/1.1" 304 0
0:0:0:0:0:0:0:1 - - [17/May/2017:19:13:46 +0530] "GET /files/fitnesse/wysiwyg/menusprite.png HTTP/1.1" 304 0
0:0:0:0:0:0:0:1 - - [17/May/2017:19:13:46 +0530] "GET /files/fitnesse/images/favicon.png HTTP/1.1" 200 6306
0:0:0:0:0:0:0:1 - - [17/May/2017:19:19:46 +0530] "POST /FrontPage HTTP/1.1" 400 1762
0:0:0:0:0:0:0:1 - - [17/May/2017:19:19:46 +0530] "GET /files/fitnesse/css/fitnesse_pages.css HTTP/1.1" 304 0
0:0:0:0:0:0:0:1 - - [17/May/2017:19:19:46 +0530] "GET /files/fitnesse/wysiwyg/wysiwyg.css HTTP/1.1" 304 0
0:0:0:0:0:0:0:1 - - [17/May/2017:19:19:46 +0530] "GET /files/fitnesse/javascript/jquery-1.7.2.min.js HTTP/1.1" 304 0
0:0:0:0:0:0:0:1 - - [17/May/2017:19:19:46 +0530] "GET /files/fitnesse/css/fitnesse_wiki.css HTTP/1.1" 304 0
0:0:0:0:0:0:0:1 - - [17/May/2017:19:19:46 +0530] "GET /files/fitnesse/question.mark/question.mark.css HTTP/1.1" 304 0
0:0:0:0:0:0:0:1 - - [17/May/2017:19:19:46 +0530] "GET /files/fitnesse/css/fitnesse_straight.css HTTP/1.1" 304 0
0:0:0:0:0:0:0:1 - - [17/May/2017:19:19:46 +0530] "GET /files/fitnesse/javascript/fitnesse_straight.js HTTP/1.1" 304 0
0:0:0:0:0:0:0:1 - - [17/May/2017:19:19:46 +0530] "GET /files/fitnesse/javascript/fitnesse.js HTTP/1.1" 304 0
0:0:0:0:0:0:0:1 - - [17/May/2017:19:19:46 +0530] "GET /files/fitnesse/images/fitnesse-logo.png HTTP/1.1" 304 0
0:0:0:0:0:0:0:1 - - [17/May/2017:19:20:08 +0530] "null" 408 1849
0:0:0:0:0:0:0:1 - - [17/May/2017:19:20:08 +0530] "null" 408 1849
0:0:0:0:0:0:0:1 - - [17/May/2017:19:20:08 +0530] "null" 408 1849
0:0:0:0:0:0:0:1 - - [17/May/2017:19:20:08 +0530] "null" 408 1849
0:0:0:0:0:0:0:1 - - [17/May/2017:19:20:08 +0530] "null" 408 1849
0:0:0:0:0:0:0:1 - - [17/May/2017:19:20:08 +0530] "null" 408 1849
0:0:0:0:0:0:0:1 - - [17/May/2017:19:20:13 +0530] "GET /FrontPage HTTP/1.1" 200 7495
0:0:0:0:0:0:0:1 - - [17/May/2017:19:20:13 +0530] "GET /files/fitnesse/question.mark/question.mark.js HTTP/1.1" 304 0
0:0:0:0:0:0:0:1 - - [17/May/2017:19:20:13 +0530] "GET /files/fitnesse/javascript/mousetrap.min.js HTTP/1.1" 304 0
0:0:0:0:0:0:0:1 - - [17/May/2017:19:20:21 +0530] "GET /FrontPage?new HTTP/1.1" 200 5351
0:0:0:0:0:0:0:1 - - [17/May/2017:19:20:21 +0530] "GET /files/fitnesse/javascript/textinputs_jquery.js HTTP/1.1" 304 0
0:0:0:0:0:0:0:1 - - [17/May/2017:19:20:21 +0530] "GET /files/fitnesse/wysiwyg/editor.css HTTP/1.1" 304 0
0:0:0:0:0:0:0:1 - - [17/May/2017:19:20:21 +0530] "GET /files/fitnesse/javascript/SpreadsheetTranslator.js HTTP/1.1" 304 0
0:0:0:0:0:0:0:1 - - [17/May/2017:19:20:21 +0530] "GET /files/fitnesse/javascript/WikiFormatter.js HTTP/1.1" 304 0
0:0:0:0:0:0:0:1 - - [17/May/2017:19:20:21 +0530] "GET /files/fitnesse/javascript/jquery.tagsinput.js HTTP/1.1" 304 0
0:0:0:0:0:0:0:1 - - [17/May/2017:19:20:21 +0530] "GET /files/fitnesse/javascript/TemplateInserter.js HTTP/1.1" 304 0
0:0:0:0:0:0:0:1 - - [17/May/2017:19:20:21 +0530] "GET /files/fitnesse/wysiwyg/wysiwyg.js HTTP/1.1" 304 0
0:0:0:0:0:0:0:1 - - [17/May/2017:19:20:21 +0530] "GET /files/fitnesse/wysiwyg/menusprite.png HTTP/1.1" 304 0
0:0:0:0:0:0:0:1 - - [17/May/2017:19:20:28 +0530] "GET /FrontPage?new&pageTemplate=.TemplateLibrary.SuitePage HTTP/1.1" 200 4907
0:0:0:0:0:0:0:1 - - [17/May/2017:19:20:34 +0530] "POST /FrontPage HTTP/1.1" 400 1762
0:0:0:0:0:0:0:1 - - [17/May/2017:19:20:34 +0530] "null" 408 1849
0:0:0:0:0:0:0:1 - - [17/May/2017:19:20:34 +0530] "null" 408 1849
0:0:0:0:0:0:0:1 - - [17/May/2017:19:20:34 +0530] "null" 408 1849
0:0:0:0:0:0:0:1 - - [17/May/2017:19:20:34 +0530] "null" 408 1849
0:0:0:0:0:0:0:1 - - [17/May/2017:19:20:41 +0530] "POST /FrontPage HTTP/1.1" 400 1762
0:0:0:0:0:0:0:1 - - [17/May/2017:19:20:41 +0530] "GET /files/fitnesse/css/fitnesse_pages.css HTTP/1.1" 304 0
0:0:0:0:0:0:0:1 - - [17/May/2017:19:20:41 +0530] "GET /files/fitnesse/css/fitnesse_straight.css HTTP/1.1" 304 0
0:0:0:0:0:0:0:1 - - [17/May/2017:19:20:41 +0530] "GET /files/fitnesse/javascript/jquery-1.7.2.min.js HTTP/1.1" 304 0
0:0:0:0:0:0:0:1 - - [17/May/2017:19:20:41 +0530] "GET /files/fitnesse/wysiwyg/wysiwyg.css HTTP/1.1" 304 0
0:0:0:0:0:0:0:1 - - [17/May/2017:19:20:41 +0530] "GET /files/fitnesse/question.mark/question.mark.css HTTP/1.1" 304 0
0:0:0:0:0:0:0:1 - - [17/May/2017:19:20:41 +0530] "GET /files/fitnesse/css/fitnesse_wiki.css HTTP/1.1" 304 0
0:0:0:0:0:0:0:1 - - [17/May/2017:19:20:41 +0530] "GET /files/fitnesse/javascript/fitnesse.js HTTP/1.1" 304 0
0:0:0:0:0:0:0:1 - - [17/May/2017:19:20:41 +0530] "GET /files/fitnesse/javascript/fitnesse_straight.js HTTP/1.1" 304 0
0:0:0:0:0:0:0:1 - - [17/May/2017:19:20:41 +0530] "GET /files/fitnesse/images/fitnesse-logo.png HTTP/1.1" 304 0
0:0:0:0:0:0:0:1 - - [17/May/2017:19:20:41 +0530] "GET /files/fitnesse/images/favicon.png HTTP/1.1" 200 6306
0:0:0:0:0:0:0:1 - - [17/May/2017:19:20:54 +0530] "GET / HTTP/1.1" 200 7495
0:0:0:0:0:0:0:1 - - [17/May/2017:19:20:56 +0530] "null" 408 1849
0:0:0:0:0:0:0:1 - - [17/May/2017:19:20:56 +0530] "null" 408 1849
0:0:0:0:0:0:0:1 - - [17/May/2017:19:20:56 +0530] "null" 408 1849
0:0:0:0:0:0:0:1 - - [17/May/2017:19:21:01 +0530] "GET /FrontPage?new&pageTemplate=.TemplateLibrary.SuitePage HTTP/1.1" 200 4907
0:0:0:0:0:0:0:1 - - [17/May/2017:19:21:08 +0530] "POST /FrontPage HTTP/1.1" 400 1762
0:0:0:0:0:0:0:1 - - [17/May/2017:19:21:15 +0530] "GET /FrontPage HTTP/1.1" 200 7495
0:0:0:0:0:0:0:1 - - [17/May/2017:19:21:15 +0530] "GET /files/fitnesse/question.mark/question.mark.js HTTP/1.1" 304 0
0:0:0:0:0:0:0:1 - - [17/May/2017:19:21:15 +0530] "GET /files/fitnesse/javascript/mousetrap.min.js HTTP/1.1" 304 0
0:0:0:0:0:0:0:1 - - [17/May/2017:19:21:22 +0530] "GET /FrontPage?edit HTTP/1.1" 200 5711
0:0:0:0:0:0:0:1 - - [17/May/2017:19:21:22 +0530] "GET /files/fitnesse/javascript/textinputs_jquery.js HTTP/1.1" 304 0
0:0:0:0:0:0:0:1 - - [17/May/2017:19:21:22 +0530] "GET /files/fitnesse/javascript/SpreadsheetTranslator.js HTTP/1.1" 304 0
0:0:0:0:0:0:0:1 - - [17/May/2017:19:21:22 +0530] "GET /files/fitnesse/javascript/jquery.tagsinput.js HTTP/1.1" 304 0
0:0:0:0:0:0:0:1 - - [17/May/2017:19:21:22 +0530] "GET /files/fitnesse/wysiwyg/editor.css HTTP/1.1" 304 0
0:0:0:0:0:0:0:1 - - [17/May/2017:19:21:22 +0530] "GET /files/fitnesse/javascript/TemplateInserter.js HTTP/1.1" 304 0
0:0:0:0:0:0:0:1 - - [17/May/2017:19:21:22 +0530] "GET /files/fitnesse/javascript/WikiFormatter.js HTTP/1.1" 304 0
0:0:0:0:0:0:0:1 - - [17/May/2017:19:21:22 +0530] "GET /files/fitnesse/wysiwyg/wysiwyg.js HTTP/1.1" 304 0
0:0:0:0:0:0:0:1 - - [17/May/2017:19:21:23 +0530] "GET /files/fitnesse/wysiwyg/menusprite.png HTTP/1.1" 304 0
0:0:0:0:0:0:0:1 - - [17/May/2017:19:21:28 +0530] "GET /FrontPage HTTP/1.1" 200 7495
0:0:0:0:0:0:0:1 - - [17/May/2017:19:21:39 +0530] "GET /FrontPage?new&pageTemplate=.TemplateLibrary.StaticPage HTTP/1.1" 200 4892
0:0:0:0:0:0:0:1 - - [17/May/2017:19:21:39 +0530] "GET /files/fitnesse/wysiwyg/wysiwyg.css HTTP/1.1" 304 0
0:0:0:0:0:0:0:1 - - [17/May/2017:19:21:39 +0530] "GET /files/fitnesse/css/fitnesse_wiki.css HTTP/1.1" 304 0
0:0:0:0:0:0:0:1 - - [17/May/2017:19:21:39 +0530] "GET /files/fitnesse/javascript/jquery-1.7.2.min.js HTTP/1.1" 304 0
0:0:0:0:0:0:0:1 - - [17/May/2017:19:21:39 +0530] "GET /files/fitnesse/css/fitnesse_straight.css HTTP/1.1" 304 0
0:0:0:0:0:0:0:1 - - [17/May/2017:19:21:39 +0530] "GET /files/fitnesse/css/fitnesse_pages.css HTTP/1.1" 304 0
0:0:0:0:0:0:0:1 - - [17/May/2017:19:21:39 +0530] "GET /files/fitnesse/javascript/fitnesse.js HTTP/1.1" 304 0
0:0:0:0:0:0:0:1 - - [17/May/2017:19:21:39 +0530] "GET /files/fitnesse/question.mark/question.mark.css HTTP/1.1" 304 0
0:0:0:0:0:0:0:1 - - [17/May/2017:19:21:39 +0530] "GET /files/fitnesse/javascript/fitnesse_straight.js HTTP/1.1" 304 0
0:0:0:0:0:0:0:1 - - [17/May/2017:19:21:39 +0530] "GET /files/fitnesse/images/fitnesse-logo.png HTTP/1.1" 304 0
0:0:0:0:0:0:0:1 - - [17/May/2017:19:21:49 +0530] "POST /FrontPage HTTP/1.1" 400 1762
0:0:0:0:0:0:0:1 - - [17/May/2017:19:22:49 +0530] "POST /FrontPage HTTP/1.1" 400 1762
0:0:0:0:0:0:0:1 - - [17/May/2017:19:22:49 +0530] "GET /files/fitnesse/css/fitnesse_wiki.css HTTP/1.1" 304 0
0:0:0:0:0:0:0:1 - - [17/May/2017:19:22:49 +0530] "GET /files/fitnesse/css/fitnesse_pages.css HTTP/1.1" 304 0
0:0:0:0:0:0:0:1 - - [17/May/2017:19:22:49 +0530] "GET /files/fitnesse/question.mark/question.mark.css HTTP/1.1" 304 0
0:0:0:0:0:0:0:1 - - [17/May/2017:19:22:49 +0530] "GET /files/fitnesse/css/fitnesse_straight.css HTTP/1.1" 304 0
0:0:0:0:0:0:0:1 - - [17/May/2017:19:22:49 +0530] "GET /files/fitnesse/wysiwyg/wysiwyg.css HTTP/1.1" 304 0
0:0:0:0:0:0:0:1 - - [17/May/2017:19:22:50 +0530] "GET /files/fitnesse/javascript/fitnesse.js HTTP/1.1" 304 0
0:0:0:0:0:0:0:1 - - [17/May/2017:19:22:50 +0530] "GET /files/fitnesse/javascript/fitnesse_straight.js HTTP/1.1" 304 0
0:0:0:0:0:0:0:1 - - [17/May/2017:19:22:49 +0530] "GET /files/fitnesse/javascript/jquery-1.7.2.min.js HTTP/1.1" 304 0
0:0:0:0:0:0:0:1 - - [17/May/2017:19:22:50 +0530] "GET /files/fitnesse/images/fitnesse-logo.png HTTP/1.1" 304 0
0:0:0:0:0:0:0:1 - - [17/May/2017:19:22:50 +0530] "GET /files/fitnesse/images/favicon.png HTTP/1.1" 200 6306
127.0.0.1 - - [17/May/2017:19:23:19 +0530] "GET /?responder=shutdown HTTP/1.1" 200 1762
