127.0.0.1 - - [17/May/2017:19:49:08 +0530] "" 400 1797
0:0:0:0:0:0:0:1 - - [17/May/2017:19:49:22 +0530] "GET /FrontPage.WelcomeTestCase HTTP/1.1" 200 7928
0:0:0:0:0:0:0:1 - - [17/May/2017:19:49:22 +0530] "GET /files/fitnesse/css/fitnesse_wiki.css HTTP/1.1" 200 3531
0:0:0:0:0:0:0:1 - - [17/May/2017:19:49:22 +0530] "GET /files/fitnesse/css/fitnesse_pages.css HTTP/1.1" 200 5294
0:0:0:0:0:0:0:1 - - [17/May/2017:19:49:22 +0530] "GET /files/fitnesse/question.mark/question.mark.css HTTP/1.1" 200 3375
0:0:0:0:0:0:0:1 - - [17/May/2017:19:49:22 +0530] "GET /files/fitnesse/css/fitnesse_straight.css HTTP/1.1" 200 3860
0:0:0:0:0:0:0:1 - - [17/May/2017:19:49:22 +0530] "GET /files/fitnesse/wysiwyg/wysiwyg.css HTTP/1.1" 200 6617
0:0:0:0:0:0:0:1 - - [17/May/2017:19:49:22 +0530] "GET /files/fitnesse/javascript/mousetrap.min.js HTTP/1.1" 200 3850
0:0:0:0:0:0:0:1 - - [17/May/2017:19:49:22 +0530] "GET /files/fitnesse/javascript/jquery-1.7.2.min.js HTTP/1.1" 200 94840
0:0:0:0:0:0:0:1 - - [17/May/2017:19:49:22 +0530] "GET /files/fitnesse/javascript/fitnesse.js HTTP/1.1" 200 6770
0:0:0:0:0:0:0:1 - - [17/May/2017:19:49:22 +0530] "GET /files/fitnesse/javascript/fitnesse_straight.js HTTP/1.1" 200 354
0:0:0:0:0:0:0:1 - - [17/May/2017:19:49:22 +0530] "GET /files/fitnesse/question.mark/question.mark.js HTTP/1.1" 200 5439
0:0:0:0:0:0:0:1 - - [17/May/2017:19:49:22 +0530] "GET /files/fitnesse/images/fitnesse-logo.png HTTP/1.1" 200 20022
0:0:0:0:0:0:0:1 - - [17/May/2017:19:49:37 +0530] "GET /files/fitnesse/css/fitnesse_wiki.css HTTP/1.1" 304 0
0:0:0:0:0:0:0:1 - - [17/May/2017:19:49:37 +0530] "GET /files/fitnesse/wysiwyg/wysiwyg.css HTTP/1.1" 304 0
0:0:0:0:0:0:0:1 - - [17/May/2017:19:49:37 +0530] "GET /files/fitnesse/css/fitnesse_straight.css HTTP/1.1" 304 0
0:0:0:0:0:0:0:1 - - [17/May/2017:19:49:37 +0530] "GET /files/fitnesse/css/fitnesse_pages.css HTTP/1.1" 304 0
0:0:0:0:0:0:0:1 - - [17/May/2017:19:49:37 +0530] "GET /files/fitnesse/javascript/jquery-1.7.2.min.js HTTP/1.1" 304 0
0:0:0:0:0:0:0:1 - - [17/May/2017:19:49:37 +0530] "GET /files/fitnesse/question.mark/question.mark.css HTTP/1.1" 304 0
0:0:0:0:0:0:0:1 - - [17/May/2017:19:49:37 +0530] "GET /files/fitnesse/javascript/fitnesse.js HTTP/1.1" 304 0
0:0:0:0:0:0:0:1 - - [17/May/2017:19:49:37 +0530] "GET /files/fitnesse/javascript/fitnesse_straight.js HTTP/1.1" 304 0
0:0:0:0:0:0:0:1 - - [17/May/2017:19:49:37 +0530] "GET /files/fitnesse/images/fitnesse-logo.png HTTP/1.1" 304 0
0:0:0:0:0:0:0:1 - - [17/May/2017:19:49:37 +0530] "GET /FrontPage.WelcomeTestCase?test HTTP/1.1" 200 5307
0:0:0:0:0:0:0:1 - - [17/May/2017:19:49:44 +0530] "GET /FrontPage.WelcomeTestCase?new HTTP/1.1" 200 5450
0:0:0:0:0:0:0:1 - - [17/May/2017:19:49:44 +0530] "GET /files/fitnesse/css/fitnesse_wiki.css HTTP/1.1" 304 0
0:0:0:0:0:0:0:1 - - [17/May/2017:19:49:44 +0530] "GET /files/fitnesse/question.mark/question.mark.css HTTP/1.1" 304 0
0:0:0:0:0:0:0:1 - - [17/May/2017:19:49:44 +0530] "GET /files/fitnesse/css/fitnesse_pages.css HTTP/1.1" 304 0
0:0:0:0:0:0:0:1 - - [17/May/2017:19:49:44 +0530] "GET /files/fitnesse/wysiwyg/wysiwyg.css HTTP/1.1" 304 0
0:0:0:0:0:0:0:1 - - [17/May/2017:19:49:44 +0530] "GET /files/fitnesse/css/fitnesse_straight.css HTTP/1.1" 304 0
0:0:0:0:0:0:0:1 - - [17/May/2017:19:49:44 +0530] "GET /files/fitnesse/javascript/fitnesse_straight.js HTTP/1.1" 304 0
0:0:0:0:0:0:0:1 - - [17/May/2017:19:49:44 +0530] "GET /files/fitnesse/wysiwyg/editor.css HTTP/1.1" 200 1473
0:0:0:0:0:0:0:1 - - [17/May/2017:19:49:44 +0530] "GET /files/fitnesse/javascript/textinputs_jquery.js HTTP/1.1" 200 3593
0:0:0:0:0:0:0:1 - - [17/May/2017:19:49:44 +0530] "GET /files/fitnesse/javascript/jquery-1.7.2.min.js HTTP/1.1" 304 0
0:0:0:0:0:0:0:1 - - [17/May/2017:19:49:44 +0530] "GET /files/fitnesse/javascript/fitnesse.js HTTP/1.1" 304 0
0:0:0:0:0:0:0:1 - - [17/May/2017:19:49:44 +0530] "GET /files/fitnesse/javascript/WikiFormatter.js HTTP/1.1" 200 9366
0:0:0:0:0:0:0:1 - - [17/May/2017:19:49:44 +0530] "GET /files/fitnesse/javascript/TemplateInserter.js HTTP/1.1" 200 472
0:0:0:0:0:0:0:1 - - [17/May/2017:19:49:44 +0530] "GET /files/fitnesse/javascript/SpreadsheetTranslator.js HTTP/1.1" 200 3378
0:0:0:0:0:0:0:1 - - [17/May/2017:19:49:44 +0530] "GET /files/fitnesse/images/fitnesse-logo.png HTTP/1.1" 304 0
0:0:0:0:0:0:0:1 - - [17/May/2017:19:49:44 +0530] "GET /files/fitnesse/javascript/jquery.tagsinput.js HTTP/1.1" 200 10694
0:0:0:0:0:0:0:1 - - [17/May/2017:19:49:44 +0530] "GET /files/fitnesse/wysiwyg/wysiwyg.js HTTP/1.1" 200 122247
0:0:0:0:0:0:0:1 - - [17/May/2017:19:49:44 +0530] "GET /files/fitnesse/wysiwyg/menusprite.png HTTP/1.1" 200 27668
0:0:0:0:0:0:0:1 - - [17/May/2017:19:49:48 +0530] "GET /FrontPage.WelcomeTestCase?edit HTTP/1.1" 200 5475
0:0:0:0:0:0:0:1 - - [17/May/2017:19:49:48 +0530] "GET /files/fitnesse/css/fitnesse_wiki.css HTTP/1.1" 304 0
0:0:0:0:0:0:0:1 - - [17/May/2017:19:49:48 +0530] "GET /files/fitnesse/wysiwyg/wysiwyg.css HTTP/1.1" 304 0
0:0:0:0:0:0:0:1 - - [17/May/2017:19:49:48 +0530] "GET /files/fitnesse/question.mark/question.mark.css HTTP/1.1" 304 0
0:0:0:0:0:0:0:1 - - [17/May/2017:19:49:48 +0530] "GET /files/fitnesse/css/fitnesse_straight.css HTTP/1.1" 304 0
0:0:0:0:0:0:0:1 - - [17/May/2017:19:49:48 +0530] "GET /files/fitnesse/css/fitnesse_pages.css HTTP/1.1" 304 0
0:0:0:0:0:0:0:1 - - [17/May/2017:19:49:48 +0530] "GET /files/fitnesse/wysiwyg/editor.css HTTP/1.1" 304 0
0:0:0:0:0:0:0:1 - - [17/May/2017:19:49:48 +0530] "GET /files/fitnesse/javascript/jquery-1.7.2.min.js HTTP/1.1" 304 0
0:0:0:0:0:0:0:1 - - [17/May/2017:19:49:48 +0530] "GET /files/fitnesse/javascript/fitnesse_straight.js HTTP/1.1" 304 0
0:0:0:0:0:0:0:1 - - [17/May/2017:19:49:48 +0530] "GET /files/fitnesse/javascript/SpreadsheetTranslator.js HTTP/1.1" 304 0
0:0:0:0:0:0:0:1 - - [17/May/2017:19:49:48 +0530] "GET /files/fitnesse/javascript/fitnesse.js HTTP/1.1" 304 0
0:0:0:0:0:0:0:1 - - [17/May/2017:19:49:48 +0530] "GET /files/fitnesse/javascript/textinputs_jquery.js HTTP/1.1" 304 0
0:0:0:0:0:0:0:1 - - [17/May/2017:19:49:48 +0530] "GET /files/fitnesse/javascript/jquery.tagsinput.js HTTP/1.1" 304 0
0:0:0:0:0:0:0:1 - - [17/May/2017:19:49:48 +0530] "GET /files/fitnesse/javascript/WikiFormatter.js HTTP/1.1" 304 0
0:0:0:0:0:0:0:1 - - [17/May/2017:19:49:48 +0530] "GET /files/fitnesse/wysiwyg/wysiwyg.js HTTP/1.1" 304 0
0:0:0:0:0:0:0:1 - - [17/May/2017:19:49:48 +0530] "GET /files/fitnesse/javascript/TemplateInserter.js HTTP/1.1" 304 0
0:0:0:0:0:0:0:1 - - [17/May/2017:19:49:49 +0530] "GET /files/fitnesse/images/fitnesse-logo.png HTTP/1.1" 304 0
0:0:0:0:0:0:0:1 - - [17/May/2017:19:54:53 +0530] "POST /FrontPage.WelcomeTestCase HTTP/1.1" 303 0
0:0:0:0:0:0:0:1 - - [17/May/2017:19:54:53 +0530] "GET /FrontPage.WelcomeTestCase HTTP/1.1" 200 8205
0:0:0:0:0:0:0:1 - - [17/May/2017:19:54:53 +0530] "GET /files/fitnesse/wysiwyg/wysiwyg.css HTTP/1.1" 304 0
0:0:0:0:0:0:0:1 - - [17/May/2017:19:54:53 +0530] "GET /files/fitnesse/question.mark/question.mark.css HTTP/1.1" 304 0
0:0:0:0:0:0:0:1 - - [17/May/2017:19:54:53 +0530] "GET /files/fitnesse/css/fitnesse_pages.css HTTP/1.1" 304 0
0:0:0:0:0:0:0:1 - - [17/May/2017:19:54:53 +0530] "GET /files/fitnesse/javascript/jquery-1.7.2.min.js HTTP/1.1" 304 0
0:0:0:0:0:0:0:1 - - [17/May/2017:19:54:53 +0530] "GET /files/fitnesse/css/fitnesse_wiki.css HTTP/1.1" 304 0
0:0:0:0:0:0:0:1 - - [17/May/2017:19:54:53 +0530] "GET /files/fitnesse/css/fitnesse_straight.css HTTP/1.1" 304 0
0:0:0:0:0:0:0:1 - - [17/May/2017:19:54:53 +0530] "GET /files/fitnesse/javascript/fitnesse_straight.js HTTP/1.1" 304 0
0:0:0:0:0:0:0:1 - - [17/May/2017:19:54:53 +0530] "GET /files/fitnesse/javascript/mousetrap.min.js HTTP/1.1" 304 0
0:0:0:0:0:0:0:1 - - [17/May/2017:19:54:53 +0530] "GET /files/fitnesse/question.mark/question.mark.js HTTP/1.1" 304 0
0:0:0:0:0:0:0:1 - - [17/May/2017:19:54:53 +0530] "GET /files/fitnesse/javascript/fitnesse.js HTTP/1.1" 304 0
0:0:0:0:0:0:0:1 - - [17/May/2017:19:54:54 +0530] "GET /files/fitnesse/images/fitnesse-logo.png HTTP/1.1" 304 0
0:0:0:0:0:0:0:1 - - [17/May/2017:19:55:02 +0530] "GET /FrontPage.WelcomeTestCase?test HTTP/1.1" 200 5307
0:0:0:0:0:0:0:1 - - [17/May/2017:19:55:12 +0530] "null" 408 1849
0:0:0:0:0:0:0:1 - - [17/May/2017:19:55:12 +0530] "null" 408 1849
0:0:0:0:0:0:0:1 - - [17/May/2017:19:55:12 +0530] "null" 408 1849
0:0:0:0:0:0:0:1 - - [17/May/2017:19:55:12 +0530] "null" 408 1849
0:0:0:0:0:0:0:1 - - [17/May/2017:19:55:12 +0530] "null" 408 1849
0:0:0:0:0:0:0:1 - - [17/May/2017:19:55:51 +0530] "GET /FrontPage.WelcomeTestCase?new&pageTemplate=.TemplateLibrary.SuitePage HTTP/1.1" 200 5006
0:0:0:0:0:0:0:1 - - [17/May/2017:19:55:51 +0530] "GET /files/fitnesse/css/fitnesse_wiki.css HTTP/1.1" 304 0
0:0:0:0:0:0:0:1 - - [17/May/2017:19:55:51 +0530] "GET /files/fitnesse/css/fitnesse_straight.css HTTP/1.1" 304 0
0:0:0:0:0:0:0:1 - - [17/May/2017:19:55:51 +0530] "GET /files/fitnesse/css/fitnesse_pages.css HTTP/1.1" 304 0
0:0:0:0:0:0:0:1 - - [17/May/2017:19:55:51 +0530] "GET /files/fitnesse/question.mark/question.mark.css HTTP/1.1" 304 0
0:0:0:0:0:0:0:1 - - [17/May/2017:19:55:51 +0530] "GET /files/fitnesse/javascript/jquery-1.7.2.min.js HTTP/1.1" 304 0
0:0:0:0:0:0:0:1 - - [17/May/2017:19:55:51 +0530] "GET /files/fitnesse/javascript/fitnesse_straight.js HTTP/1.1" 304 0
0:0:0:0:0:0:0:1 - - [17/May/2017:19:55:51 +0530] "GET /files/fitnesse/javascript/fitnesse.js HTTP/1.1" 304 0
0:0:0:0:0:0:0:1 - - [17/May/2017:19:55:51 +0530] "GET /files/fitnesse/wysiwyg/wysiwyg.css HTTP/1.1" 304 0
0:0:0:0:0:0:0:1 - - [17/May/2017:19:55:51 +0530] "GET /files/fitnesse/wysiwyg/editor.css HTTP/1.1" 304 0
0:0:0:0:0:0:0:1 - - [17/May/2017:19:55:51 +0530] "GET /files/fitnesse/javascript/textinputs_jquery.js HTTP/1.1" 304 0
0:0:0:0:0:0:0:1 - - [17/May/2017:19:55:51 +0530] "GET /files/fitnesse/javascript/WikiFormatter.js HTTP/1.1" 304 0
0:0:0:0:0:0:0:1 - - [17/May/2017:19:55:51 +0530] "GET /files/fitnesse/javascript/SpreadsheetTranslator.js HTTP/1.1" 304 0
0:0:0:0:0:0:0:1 - - [17/May/2017:19:55:51 +0530] "GET /files/fitnesse/wysiwyg/wysiwyg.js HTTP/1.1" 304 0
0:0:0:0:0:0:0:1 - - [17/May/2017:19:55:51 +0530] "GET /files/fitnesse/javascript/TemplateInserter.js HTTP/1.1" 304 0
0:0:0:0:0:0:0:1 - - [17/May/2017:19:55:51 +0530] "GET /files/fitnesse/javascript/jquery.tagsinput.js HTTP/1.1" 304 0
0:0:0:0:0:0:0:1 - - [17/May/2017:19:55:51 +0530] "GET /files/fitnesse/images/fitnesse-logo.png HTTP/1.1" 304 0
0:0:0:0:0:0:0:1 - - [17/May/2017:19:56:03 +0530] "POST /FrontPage.WelcomeTestCase HTTP/1.1" 303 0
0:0:0:0:0:0:0:1 - - [17/May/2017:19:56:04 +0530] "GET /FrontPage.WelcomeTestCase HTTP/1.1" 200 8205
0:0:0:0:0:0:0:1 - - [17/May/2017:19:56:04 +0530] "GET /files/fitnesse/question.mark/question.mark.js HTTP/1.1" 304 0
0:0:0:0:0:0:0:1 - - [17/May/2017:19:56:04 +0530] "GET /files/fitnesse/javascript/mousetrap.min.js HTTP/1.1" 304 0
0:0:0:0:0:0:0:1 - - [17/May/2017:19:56:14 +0530] "GET /FrontPage.MyFirstSuite HTTP/1.1" 200 4922
0:0:0:0:0:0:0:1 - - [17/May/2017:19:56:16 +0530] "GET /FrontPage.MyFirstSuite HTTP/1.1" 200 4922
0:0:0:0:0:0:0:1 - - [17/May/2017:19:56:19 +0530] "POST /FrontPage.MyFirstSuite HTTP/1.1" 303 0
0:0:0:0:0:0:0:1 - - [17/May/2017:19:56:19 +0530] "GET /FrontPage.MyFirstSuite HTTP/1.1" 200 7187
0:0:0:0:0:0:0:1 - - [17/May/2017:19:56:22 +0530] "GET /FrontPage.MyFirstSuite?new&pageTemplate=.TemplateLibrary.TestPage HTTP/1.1" 200 4963
0:0:0:0:0:0:0:1 - - [17/May/2017:19:56:24 +0530] "null" 408 1849
0:0:0:0:0:0:0:1 - - [17/May/2017:19:57:10 +0530] "POST /FrontPage.MyFirstSuite HTTP/1.1" 303 0
0:0:0:0:0:0:0:1 - - [17/May/2017:19:57:10 +0530] "GET /FrontPage.MyFirstSuite HTTP/1.1" 200 7294
0:0:0:0:0:0:0:1 - - [17/May/2017:19:57:10 +0530] "GET /files/fitnesse/css/fitnesse_pages.css HTTP/1.1" 304 0
0:0:0:0:0:0:0:1 - - [17/May/2017:19:57:10 +0530] "GET /files/fitnesse/css/fitnesse_wiki.css HTTP/1.1" 304 0
0:0:0:0:0:0:0:1 - - [17/May/2017:19:57:10 +0530] "GET /files/fitnesse/wysiwyg/wysiwyg.css HTTP/1.1" 304 0
0:0:0:0:0:0:0:1 - - [17/May/2017:19:57:10 +0530] "GET /files/fitnesse/javascript/fitnesse.js HTTP/1.1" 304 0
0:0:0:0:0:0:0:1 - - [17/May/2017:19:57:10 +0530] "GET /files/fitnesse/css/fitnesse_straight.css HTTP/1.1" 304 0
0:0:0:0:0:0:0:1 - - [17/May/2017:19:57:10 +0530] "GET /files/fitnesse/javascript/jquery-1.7.2.min.js HTTP/1.1" 304 0
0:0:0:0:0:0:0:1 - - [17/May/2017:19:57:10 +0530] "GET /files/fitnesse/question.mark/question.mark.css HTTP/1.1" 304 0
0:0:0:0:0:0:0:1 - - [17/May/2017:19:57:10 +0530] "GET /files/fitnesse/javascript/fitnesse_straight.js HTTP/1.1" 304 0
0:0:0:0:0:0:0:1 - - [17/May/2017:19:57:10 +0530] "GET /files/fitnesse/javascript/mousetrap.min.js HTTP/1.1" 304 0
0:0:0:0:0:0:0:1 - - [17/May/2017:19:57:10 +0530] "GET /files/fitnesse/question.mark/question.mark.js HTTP/1.1" 304 0
0:0:0:0:0:0:0:1 - - [17/May/2017:19:57:10 +0530] "GET /files/fitnesse/images/fitnesse-logo.png HTTP/1.1" 304 0
0:0:0:0:0:0:0:1 - - [17/May/2017:19:57:15 +0530] "GET /files/fitnesse/images/exception.png HTTP/1.1" 200 3104
0:0:0:0:0:0:0:1 - - [17/May/2017:19:57:15 +0530] "GET /FrontPage.MyFirstSuite?suite HTTP/1.1" 200 8457
0:0:0:0:0:0:0:1 - - [17/May/2017:19:57:33 +0530] "GET /FrontPage.MyFirstSuite HTTP/1.1" 200 7294
0:0:0:0:0:0:0:1 - - [17/May/2017:19:57:34 +0530] "GET /FrontPage.MyFirstSuite.WelcomeWorld HTTP/1.1" 200 8806
0:0:0:0:0:0:0:1 - - [17/May/2017:19:57:36 +0530] "GET /FrontPage.MyFirstSuite.WelcomeWorld?edit HTTP/1.1" 200 5684
0:0:0:0:0:0:0:1 - - [17/May/2017:19:57:36 +0530] "GET /files/fitnesse/javascript/SpreadsheetTranslator.js HTTP/1.1" 304 0
0:0:0:0:0:0:0:1 - - [17/May/2017:19:57:36 +0530] "GET /files/fitnesse/javascript/textinputs_jquery.js HTTP/1.1" 304 0
0:0:0:0:0:0:0:1 - - [17/May/2017:19:57:36 +0530] "GET /files/fitnesse/javascript/WikiFormatter.js HTTP/1.1" 304 0
0:0:0:0:0:0:0:1 - - [17/May/2017:19:57:36 +0530] "GET /files/fitnesse/wysiwyg/wysiwyg.js HTTP/1.1" 304 0
0:0:0:0:0:0:0:1 - - [17/May/2017:19:57:36 +0530] "GET /files/fitnesse/wysiwyg/editor.css HTTP/1.1" 304 0
0:0:0:0:0:0:0:1 - - [17/May/2017:19:57:36 +0530] "GET /files/fitnesse/javascript/TemplateInserter.js HTTP/1.1" 304 0
0:0:0:0:0:0:0:1 - - [17/May/2017:19:57:36 +0530] "GET /files/fitnesse/javascript/jquery.tagsinput.js HTTP/1.1" 304 0
0:0:0:0:0:0:0:1 - - [17/May/2017:19:57:42 +0530] "POST /FrontPage.MyFirstSuite.WelcomeWorld HTTP/1.1" 303 0
0:0:0:0:0:0:0:1 - - [17/May/2017:19:57:42 +0530] "GET /FrontPage.MyFirstSuite.WelcomeWorld HTTP/1.1" 200 8805
0:0:0:0:0:0:0:1 - - [17/May/2017:19:57:45 +0530] "GET /FrontPage.MyFirstSuite HTTP/1.1" 200 7294
0:0:0:0:0:0:0:1 - - [17/May/2017:19:57:48 +0530] "GET /FrontPage.MyFirstSuite?suite HTTP/1.1" 200 8455
0:0:0:0:0:0:0:1 - - [17/May/2017:20:00:46 +0530] "GET /files/fitnesse/css/fitnesse_wiki.css HTTP/1.1" 304 0
0:0:0:0:0:0:0:1 - - [17/May/2017:20:00:46 +0530] "GET /files/fitnesse/wysiwyg/wysiwyg.css HTTP/1.1" 304 0
0:0:0:0:0:0:0:1 - - [17/May/2017:20:00:46 +0530] "GET /files/fitnesse/question.mark/question.mark.css HTTP/1.1" 304 0
0:0:0:0:0:0:0:1 - - [17/May/2017:20:00:46 +0530] "GET /files/fitnesse/css/fitnesse_straight.css HTTP/1.1" 304 0
0:0:0:0:0:0:0:1 - - [17/May/2017:20:00:46 +0530] "GET /files/fitnesse/css/fitnesse_pages.css HTTP/1.1" 304 0
0:0:0:0:0:0:0:1 - - [17/May/2017:20:00:46 +0530] "GET /files/fitnesse/javascript/jquery-1.7.2.min.js HTTP/1.1" 304 0
0:0:0:0:0:0:0:1 - - [17/May/2017:20:00:46 +0530] "GET /files/fitnesse/javascript/fitnesse_straight.js HTTP/1.1" 304 0
0:0:0:0:0:0:0:1 - - [17/May/2017:20:00:46 +0530] "GET /files/fitnesse/javascript/fitnesse.js HTTP/1.1" 304 0
0:0:0:0:0:0:0:1 - - [17/May/2017:20:00:46 +0530] "GET /files/fitnesse/images/fitnesse-logo.png HTTP/1.1" 304 0
0:0:0:0:0:0:0:1 - - [17/May/2017:20:00:47 +0530] "GET /FrontPage.MyFirstSuite?suite HTTP/1.1" 200 8471
0:0:0:0:0:0:0:1 - - [17/May/2017:20:02:19 +0530] "GET /files/fitnesse/question.mark/question.mark.css HTTP/1.1" 304 0
0:0:0:0:0:0:0:1 - - [17/May/2017:20:02:19 +0530] "GET /files/fitnesse/css/fitnesse_wiki.css HTTP/1.1" 304 0
0:0:0:0:0:0:0:1 - - [17/May/2017:20:02:19 +0530] "GET /files/fitnesse/javascript/jquery-1.7.2.min.js HTTP/1.1" 304 0
0:0:0:0:0:0:0:1 - - [17/May/2017:20:02:19 +0530] "GET /files/fitnesse/wysiwyg/wysiwyg.css HTTP/1.1" 304 0
0:0:0:0:0:0:0:1 - - [17/May/2017:20:02:19 +0530] "GET /files/fitnesse/css/fitnesse_straight.css HTTP/1.1" 304 0
0:0:0:0:0:0:0:1 - - [17/May/2017:20:02:19 +0530] "GET /files/fitnesse/css/fitnesse_pages.css HTTP/1.1" 304 0
0:0:0:0:0:0:0:1 - - [17/May/2017:20:02:19 +0530] "GET /files/fitnesse/javascript/fitnesse.js HTTP/1.1" 304 0
0:0:0:0:0:0:0:1 - - [17/May/2017:20:02:19 +0530] "GET /files/fitnesse/javascript/fitnesse_straight.js HTTP/1.1" 304 0
0:0:0:0:0:0:0:1 - - [17/May/2017:20:02:19 +0530] "GET /files/fitnesse/images/fitnesse-logo.png HTTP/1.1" 304 0
0:0:0:0:0:0:0:1 - - [17/May/2017:20:02:20 +0530] "GET /FrontPage.MyFirstSuite?suite HTTP/1.1" 200 8454
0:0:0:0:0:0:0:1 - - [17/May/2017:20:05:08 +0530] "GET /FrontPage.MyFirstSuite?edit HTTP/1.1" 200 4902
0:0:0:0:0:0:0:1 - - [17/May/2017:20:05:08 +0530] "GET /files/fitnesse/css/fitnesse_straight.css HTTP/1.1" 304 0
0:0:0:0:0:0:0:1 - - [17/May/2017:20:05:08 +0530] "GET /files/fitnesse/css/fitnesse_wiki.css HTTP/1.1" 304 0
0:0:0:0:0:0:0:1 - - [17/May/2017:20:05:08 +0530] "GET /files/fitnesse/question.mark/question.mark.css HTTP/1.1" 304 0
0:0:0:0:0:0:0:1 - - [17/May/2017:20:05:08 +0530] "GET /files/fitnesse/wysiwyg/editor.css HTTP/1.1" 304 0
0:0:0:0:0:0:0:1 - - [17/May/2017:20:05:08 +0530] "GET /files/fitnesse/css/fitnesse_pages.css HTTP/1.1" 304 0
0:0:0:0:0:0:0:1 - - [17/May/2017:20:05:08 +0530] "GET /files/fitnesse/wysiwyg/wysiwyg.css HTTP/1.1" 304 0
0:0:0:0:0:0:0:1 - - [17/May/2017:20:05:08 +0530] "GET /files/fitnesse/javascript/fitnesse.js HTTP/1.1" 304 0
0:0:0:0:0:0:0:1 - - [17/May/2017:20:05:08 +0530] "GET /files/fitnesse/javascript/fitnesse_straight.js HTTP/1.1" 304 0
0:0:0:0:0:0:0:1 - - [17/May/2017:20:05:08 +0530] "GET /files/fitnesse/javascript/textinputs_jquery.js HTTP/1.1" 304 0
0:0:0:0:0:0:0:1 - - [17/May/2017:20:05:08 +0530] "GET /files/fitnesse/javascript/jquery-1.7.2.min.js HTTP/1.1" 304 0
0:0:0:0:0:0:0:1 - - [17/May/2017:20:05:08 +0530] "GET /files/fitnesse/javascript/SpreadsheetTranslator.js HTTP/1.1" 304 0
0:0:0:0:0:0:0:1 - - [17/May/2017:20:05:08 +0530] "GET /files/fitnesse/javascript/TemplateInserter.js HTTP/1.1" 304 0
0:0:0:0:0:0:0:1 - - [17/May/2017:20:05:08 +0530] "GET /files/fitnesse/javascript/WikiFormatter.js HTTP/1.1" 304 0
0:0:0:0:0:0:0:1 - - [17/May/2017:20:05:08 +0530] "GET /files/fitnesse/wysiwyg/wysiwyg.js HTTP/1.1" 304 0
0:0:0:0:0:0:0:1 - - [17/May/2017:20:05:08 +0530] "GET /files/fitnesse/javascript/jquery.tagsinput.js HTTP/1.1" 304 0
0:0:0:0:0:0:0:1 - - [17/May/2017:20:05:08 +0530] "GET /files/fitnesse/images/fitnesse-logo.png HTTP/1.1" 304 0
0:0:0:0:0:0:0:1 - - [17/May/2017:20:05:13 +0530] "GET /FrontPage.MyFirstSuite HTTP/1.1" 200 7294
0:0:0:0:0:0:0:1 - - [17/May/2017:20:05:13 +0530] "GET /files/fitnesse/javascript/mousetrap.min.js HTTP/1.1" 304 0
0:0:0:0:0:0:0:1 - - [17/May/2017:20:05:13 +0530] "GET /files/fitnesse/question.mark/question.mark.js HTTP/1.1" 304 0
0:0:0:0:0:0:0:1 - - [17/May/2017:20:05:14 +0530] "GET /FrontPage.MyFirstSuite.WelcomeWorld HTTP/1.1" 200 8804
0:0:0:0:0:0:0:1 - - [17/May/2017:20:05:15 +0530] "GET /FrontPage.MyFirstSuite.WelcomeWorld?edit HTTP/1.1" 200 5681
0:0:0:0:0:0:0:1 - - [17/May/2017:20:05:21 +0530] "null" 408 1849
0:0:0:0:0:0:0:1 - - [17/May/2017:20:05:39 +0530] "POST /FrontPage.MyFirstSuite.WelcomeWorld HTTP/1.1" 303 0
0:0:0:0:0:0:0:1 - - [17/May/2017:20:05:39 +0530] "GET /FrontPage.MyFirstSuite.WelcomeWorld HTTP/1.1" 200 8853
0:0:0:0:0:0:0:1 - - [17/May/2017:20:05:45 +0530] "GET /FrontPage.MyFirstSuite.WelcomeWorld?test HTTP/1.1" 200 9539
0:0:0:0:0:0:0:1 - - [17/May/2017:20:05:45 +0530] "GET /files/fitnesse/images/wrong.png HTTP/1.1" 200 3145
0:0:0:0:0:0:0:1 - - [17/May/2017:20:05:59 +0530] "GET /FrontPage.MyFirstSuite.WelcomeWorld?edit HTTP/1.1" 200 5697
0:0:0:0:0:0:0:1 - - [17/May/2017:20:06:06 +0530] "POST /FrontPage.MyFirstSuite.WelcomeWorld HTTP/1.1" 303 0
0:0:0:0:0:0:0:1 - - [17/May/2017:20:06:06 +0530] "GET /FrontPage.MyFirstSuite.WelcomeWorld HTTP/1.1" 200 8854
0:0:0:0:0:0:0:1 - - [17/May/2017:20:06:09 +0530] "GET /FrontPage.MyFirstSuite.WelcomeWorld?test HTTP/1.1" 200 9311
0:0:0:0:0:0:0:1 - - [17/May/2017:20:06:09 +0530] "GET /files/fitnesse/images/checkmark.png HTTP/1.1" 200 3110
0:0:0:0:0:0:0:1 - - [17/May/2017:20:07:21 +0530] "GET /files/fitnesse/css/fitnesse_wiki.css HTTP/1.1" 304 0
0:0:0:0:0:0:0:1 - - [17/May/2017:20:07:21 +0530] "GET /files/fitnesse/css/fitnesse_straight.css HTTP/1.1" 304 0
0:0:0:0:0:0:0:1 - - [17/May/2017:20:07:21 +0530] "GET /files/fitnesse/css/fitnesse_pages.css HTTP/1.1" 304 0
0:0:0:0:0:0:0:1 - - [17/May/2017:20:07:21 +0530] "GET /files/fitnesse/question.mark/question.mark.css HTTP/1.1" 304 0
0:0:0:0:0:0:0:1 - - [17/May/2017:20:07:21 +0530] "GET /files/fitnesse/wysiwyg/wysiwyg.css HTTP/1.1" 304 0
0:0:0:0:0:0:0:1 - - [17/May/2017:20:07:21 +0530] "GET /files/fitnesse/javascript/jquery-1.7.2.min.js HTTP/1.1" 304 0
0:0:0:0:0:0:0:1 - - [17/May/2017:20:07:21 +0530] "GET /files/fitnesse/javascript/fitnesse.js HTTP/1.1" 304 0
0:0:0:0:0:0:0:1 - - [17/May/2017:20:07:21 +0530] "GET /files/fitnesse/javascript/fitnesse_straight.js HTTP/1.1" 304 0
0:0:0:0:0:0:0:1 - - [17/May/2017:20:07:21 +0530] "GET /files/fitnesse/images/fitnesse-logo.png HTTP/1.1" 304 0
0:0:0:0:0:0:0:1 - - [17/May/2017:20:07:22 +0530] "GET /FrontPage.MyFirstSuite.WelcomeWorld?test&format=html HTTP/1.1" 200 9311
0:0:0:0:0:0:0:1 - - [17/May/2017:20:07:52 +0530] "GET /FrontPage.MyFirstSuite.WelcomeWorld?properties HTTP/1.1" 200 6139
0:0:0:0:0:0:0:1 - - [17/May/2017:20:07:52 +0530] "GET /files/fitnesse/javascript/jquery.tagsinput.js HTTP/1.1" 304 0
0:0:0:0:0:0:0:1 - - [17/May/2017:20:08:13 +0530] "null" 408 1849
0:0:0:0:0:0:0:1 - - [17/May/2017:20:08:13 +0530] "null" 408 1849
0:0:0:0:0:0:0:1 - - [17/May/2017:20:08:13 +0530] "null" 408 1849
0:0:0:0:0:0:0:1 - - [17/May/2017:20:08:13 +0530] "null" 408 1849
0:0:0:0:0:0:0:1 - - [17/May/2017:20:08:13 +0530] "null" 408 1849
0:0:0:0:0:0:0:1 - - [17/May/2017:20:08:13 +0530] "null" 408 1849
0:0:0:0:0:0:0:1 - - [17/May/2017:21:44:10 +0530] "GET /ErrorLogs.FrontPage.MyFirstSuite.WelcomeWorld HTTP/1.1" 200 9961
0:0:0:0:0:0:0:1 - - [17/May/2017:21:44:10 +0530] "GET /files/fitnesse/css/fitnesse_straight.css HTTP/1.1" 304 0
0:0:0:0:0:0:0:1 - - [17/May/2017:21:44:10 +0530] "GET /files/fitnesse/wysiwyg/wysiwyg.css HTTP/1.1" 304 0
0:0:0:0:0:0:0:1 - - [17/May/2017:21:44:10 +0530] "GET /files/fitnesse/question.mark/question.mark.css HTTP/1.1" 304 0
0:0:0:0:0:0:0:1 - - [17/May/2017:21:44:10 +0530] "GET /files/fitnesse/css/fitnesse_wiki.css HTTP/1.1" 304 0
0:0:0:0:0:0:0:1 - - [17/May/2017:21:44:10 +0530] "GET /files/fitnesse/css/fitnesse_pages.css HTTP/1.1" 304 0
0:0:0:0:0:0:0:1 - - [17/May/2017:21:44:10 +0530] "GET /files/fitnesse/javascript/jquery-1.7.2.min.js HTTP/1.1" 304 0
0:0:0:0:0:0:0:1 - - [17/May/2017:21:44:10 +0530] "GET /files/fitnesse/javascript/fitnesse_straight.js HTTP/1.1" 304 0
0:0:0:0:0:0:0:1 - - [17/May/2017:21:44:10 +0530] "GET /files/fitnesse/javascript/mousetrap.min.js HTTP/1.1" 304 0
0:0:0:0:0:0:0:1 - - [17/May/2017:21:44:10 +0530] "GET /files/fitnesse/question.mark/question.mark.js HTTP/1.1" 304 0
0:0:0:0:0:0:0:1 - - [17/May/2017:21:44:10 +0530] "GET /files/fitnesse/javascript/fitnesse.js HTTP/1.1" 304 0
0:0:0:0:0:0:0:1 - - [17/May/2017:21:44:10 +0530] "GET /files/fitnesse/images/fitnesse-logo.png HTTP/1.1" 304 0
0:0:0:0:0:0:0:1 - - [17/May/2017:21:44:18 +0530] "GET /FrontPage.MyFirstSuite.WelcomeWorld?test HTTP/1.1" 200 9312
0:0:0:0:0:0:0:1 - - [17/May/2017:21:44:24 +0530] "null" 408 1849
0:0:0:0:0:0:0:1 - - [17/May/2017:21:44:24 +0530] "null" 408 1849
0:0:0:0:0:0:0:1 - - [17/May/2017:21:44:24 +0530] "null" 408 1849
0:0:0:0:0:0:0:1 - - [17/May/2017:21:44:24 +0530] "null" 408 1849
0:0:0:0:0:0:0:1 - - [17/May/2017:21:44:24 +0530] "null" 408 1849
