127.0.0.1 - - [17/May/2017:19:23:40 +0530] "" 400 1797
0:0:0:0:0:0:0:1 - - [17/May/2017:19:23:55 +0530] "POST /FrontPage HTTP/1.1" 400 1762
0:0:0:0:0:0:0:1 - - [17/May/2017:19:23:55 +0530] "GET /files/fitnesse/images/favicon.png HTTP/1.1" 200 6306
0:0:0:0:0:0:0:1 - - [17/May/2017:19:24:00 +0530] "GET / HTTP/1.1" 200 7495
0:0:0:0:0:0:0:1 - - [17/May/2017:19:24:00 +0530] "GET /files/fitnesse/css/fitnesse_pages.css HTTP/1.1" 200 5294
0:0:0:0:0:0:0:1 - - [17/May/2017:19:24:00 +0530] "GET /files/fitnesse/css/fitnesse_wiki.css HTTP/1.1" 200 3531
0:0:0:0:0:0:0:1 - - [17/May/2017:19:24:00 +0530] "GET /files/fitnesse/javascript/fitnesse.js HTTP/1.1" 200 6770
0:0:0:0:0:0:0:1 - - [17/May/2017:19:24:00 +0530] "GET /files/fitnesse/wysiwyg/wysiwyg.css HTTP/1.1" 200 6617
0:0:0:0:0:0:0:1 - - [17/May/2017:19:24:00 +0530] "GET /files/fitnesse/css/fitnesse_straight.css HTTP/1.1" 200 3860
0:0:0:0:0:0:0:1 - - [17/May/2017:19:24:00 +0530] "GET /files/fitnesse/question.mark/question.mark.css HTTP/1.1" 200 3375
0:0:0:0:0:0:0:1 - - [17/May/2017:19:24:00 +0530] "GET /files/fitnesse/javascript/mousetrap.min.js HTTP/1.1" 200 3850
0:0:0:0:0:0:0:1 - - [17/May/2017:19:24:00 +0530] "GET /files/fitnesse/question.mark/question.mark.js HTTP/1.1" 200 5439
0:0:0:0:0:0:0:1 - - [17/May/2017:19:24:00 +0530] "GET /files/fitnesse/javascript/fitnesse_straight.js HTTP/1.1" 200 354
0:0:0:0:0:0:0:1 - - [17/May/2017:19:24:00 +0530] "GET /files/fitnesse/javascript/jquery-1.7.2.min.js HTTP/1.1" 200 94840
0:0:0:0:0:0:0:1 - - [17/May/2017:19:24:00 +0530] "GET /files/fitnesse/images/fitnesse-logo.png HTTP/1.1" 200 20022
0:0:0:0:0:0:0:1 - - [17/May/2017:19:24:04 +0530] "GET /FrontPage?new&pageTemplate=.TemplateLibrary.SuitePage HTTP/1.1" 200 4907
0:0:0:0:0:0:0:1 - - [17/May/2017:19:24:04 +0530] "GET /files/fitnesse/css/fitnesse_wiki.css HTTP/1.1" 304 0
0:0:0:0:0:0:0:1 - - [17/May/2017:19:24:04 +0530] "GET /files/fitnesse/css/fitnesse_pages.css HTTP/1.1" 304 0
0:0:0:0:0:0:0:1 - - [17/May/2017:19:24:04 +0530] "GET /files/fitnesse/wysiwyg/wysiwyg.css HTTP/1.1" 304 0
0:0:0:0:0:0:0:1 - - [17/May/2017:19:24:04 +0530] "GET /files/fitnesse/wysiwyg/editor.css HTTP/1.1" 200 1473
0:0:0:0:0:0:0:1 - - [17/May/2017:19:24:04 +0530] "GET /files/fitnesse/question.mark/question.mark.css HTTP/1.1" 304 0
0:0:0:0:0:0:0:1 - - [17/May/2017:19:24:04 +0530] "GET /files/fitnesse/css/fitnesse_straight.css HTTP/1.1" 304 0
0:0:0:0:0:0:0:1 - - [17/May/2017:19:24:04 +0530] "GET /files/fitnesse/javascript/jquery-1.7.2.min.js HTTP/1.1" 304 0
0:0:0:0:0:0:0:1 - - [17/May/2017:19:24:04 +0530] "GET /files/fitnesse/javascript/fitnesse_straight.js HTTP/1.1" 304 0
0:0:0:0:0:0:0:1 - - [17/May/2017:19:24:04 +0530] "GET /files/fitnesse/javascript/fitnesse.js HTTP/1.1" 304 0
0:0:0:0:0:0:0:1 - - [17/May/2017:19:24:04 +0530] "GET /files/fitnesse/javascript/TemplateInserter.js HTTP/1.1" 200 472
0:0:0:0:0:0:0:1 - - [17/May/2017:19:24:04 +0530] "GET /files/fitnesse/javascript/textinputs_jquery.js HTTP/1.1" 200 3593
0:0:0:0:0:0:0:1 - - [17/May/2017:19:24:04 +0530] "GET /files/fitnesse/javascript/WikiFormatter.js HTTP/1.1" 200 9366
0:0:0:0:0:0:0:1 - - [17/May/2017:19:24:04 +0530] "GET /files/fitnesse/javascript/jquery.tagsinput.js HTTP/1.1" 200 10694
0:0:0:0:0:0:0:1 - - [17/May/2017:19:24:04 +0530] "GET /files/fitnesse/javascript/SpreadsheetTranslator.js HTTP/1.1" 200 3378
0:0:0:0:0:0:0:1 - - [17/May/2017:19:24:04 +0530] "GET /files/fitnesse/images/fitnesse-logo.png HTTP/1.1" 304 0
0:0:0:0:0:0:0:1 - - [17/May/2017:19:24:04 +0530] "GET /files/fitnesse/wysiwyg/wysiwyg.js HTTP/1.1" 200 122247
0:0:0:0:0:0:0:1 - - [17/May/2017:19:24:04 +0530] "GET /files/fitnesse/wysiwyg/menusprite.png HTTP/1.1" 200 27668
0:0:0:0:0:0:0:1 - - [17/May/2017:19:24:08 +0530] "POST /FrontPage HTTP/1.1" 400 1762
0:0:0:0:0:0:0:1 - - [17/May/2017:19:24:08 +0530] "GET /files/fitnesse/css/fitnesse_wiki.css HTTP/1.1" 304 0
0:0:0:0:0:0:0:1 - - [17/May/2017:19:24:08 +0530] "GET /files/fitnesse/css/fitnesse_pages.css HTTP/1.1" 304 0
0:0:0:0:0:0:0:1 - - [17/May/2017:19:24:08 +0530] "GET /files/fitnesse/css/fitnesse_straight.css HTTP/1.1" 304 0
0:0:0:0:0:0:0:1 - - [17/May/2017:19:24:08 +0530] "GET /files/fitnesse/question.mark/question.mark.css HTTP/1.1" 304 0
0:0:0:0:0:0:0:1 - - [17/May/2017:19:24:08 +0530] "GET /files/fitnesse/javascript/fitnesse_straight.js HTTP/1.1" 304 0
0:0:0:0:0:0:0:1 - - [17/May/2017:19:24:08 +0530] "GET /files/fitnesse/wysiwyg/wysiwyg.css HTTP/1.1" 304 0
0:0:0:0:0:0:0:1 - - [17/May/2017:19:24:08 +0530] "GET /files/fitnesse/javascript/jquery-1.7.2.min.js HTTP/1.1" 304 0
0:0:0:0:0:0:0:1 - - [17/May/2017:19:24:08 +0530] "GET /files/fitnesse/javascript/fitnesse.js HTTP/1.1" 304 0
0:0:0:0:0:0:0:1 - - [17/May/2017:19:24:08 +0530] "GET /files/fitnesse/images/fitnesse-logo.png HTTP/1.1" 304 0
0:0:0:0:0:0:0:1 - - [17/May/2017:19:24:18 +0530] "GET /FrontPage HTTP/1.1" 200 7495
0:0:0:0:0:0:0:1 - - [17/May/2017:19:24:18 +0530] "GET /files/fitnesse/css/fitnesse_pages.css HTTP/1.1" 304 0
0:0:0:0:0:0:0:1 - - [17/May/2017:19:24:18 +0530] "GET /files/fitnesse/css/fitnesse_straight.css HTTP/1.1" 304 0
0:0:0:0:0:0:0:1 - - [17/May/2017:19:24:18 +0530] "GET /files/fitnesse/css/fitnesse_wiki.css HTTP/1.1" 304 0
0:0:0:0:0:0:0:1 - - [17/May/2017:19:24:18 +0530] "GET /files/fitnesse/javascript/jquery-1.7.2.min.js HTTP/1.1" 304 0
0:0:0:0:0:0:0:1 - - [17/May/2017:19:24:18 +0530] "GET /files/fitnesse/wysiwyg/wysiwyg.css HTTP/1.1" 304 0
0:0:0:0:0:0:0:1 - - [17/May/2017:19:24:18 +0530] "GET /files/fitnesse/question.mark/question.mark.css HTTP/1.1" 304 0
0:0:0:0:0:0:0:1 - - [17/May/2017:19:24:18 +0530] "GET /files/fitnesse/javascript/fitnesse.js HTTP/1.1" 304 0
0:0:0:0:0:0:0:1 - - [17/May/2017:19:24:18 +0530] "GET /files/fitnesse/question.mark/question.mark.js HTTP/1.1" 304 0
0:0:0:0:0:0:0:1 - - [17/May/2017:19:24:18 +0530] "GET /files/fitnesse/javascript/fitnesse_straight.js HTTP/1.1" 304 0
0:0:0:0:0:0:0:1 - - [17/May/2017:19:24:18 +0530] "GET /files/fitnesse/javascript/mousetrap.min.js HTTP/1.1" 304 0
0:0:0:0:0:0:0:1 - - [17/May/2017:19:24:18 +0530] "GET /files/fitnesse/images/fitnesse-logo.png HTTP/1.1" 304 0
0:0:0:0:0:0:0:1 - - [17/May/2017:19:24:22 +0530] "GET /FitNesse.UserGuide.FitNesseWiki.WikiWord HTTP/1.1" 200 6413
0:0:0:0:0:0:0:1 - - [17/May/2017:19:24:22 +0530] "GET /files/fitnesse/css/fitnesse_wiki.css HTTP/1.1" 304 0
0:0:0:0:0:0:0:1 - - [17/May/2017:19:24:22 +0530] "GET /files/fitnesse/question.mark/question.mark.css HTTP/1.1" 304 0
0:0:0:0:0:0:0:1 - - [17/May/2017:19:24:22 +0530] "GET /files/fitnesse/css/fitnesse_pages.css HTTP/1.1" 304 0
0:0:0:0:0:0:0:1 - - [17/May/2017:19:24:22 +0530] "GET /files/fitnesse/css/fitnesse_straight.css HTTP/1.1" 304 0
0:0:0:0:0:0:0:1 - - [17/May/2017:19:24:22 +0530] "GET /files/fitnesse/wysiwyg/wysiwyg.css HTTP/1.1" 304 0
0:0:0:0:0:0:0:1 - - [17/May/2017:19:24:22 +0530] "GET /files/fitnesse/javascript/jquery-1.7.2.min.js HTTP/1.1" 304 0
0:0:0:0:0:0:0:1 - - [17/May/2017:19:24:22 +0530] "GET /files/fitnesse/javascript/fitnesse.js HTTP/1.1" 304 0
0:0:0:0:0:0:0:1 - - [17/May/2017:19:24:22 +0530] "GET /files/fitnesse/javascript/fitnesse_straight.js HTTP/1.1" 304 0
0:0:0:0:0:0:0:1 - - [17/May/2017:19:24:22 +0530] "GET /files/fitnesse/question.mark/question.mark.js HTTP/1.1" 304 0
0:0:0:0:0:0:0:1 - - [17/May/2017:19:24:22 +0530] "GET /files/fitnesse/javascript/mousetrap.min.js HTTP/1.1" 304 0
0:0:0:0:0:0:0:1 - - [17/May/2017:19:24:23 +0530] "GET /files/fitnesse/images/fitnesse-logo.png HTTP/1.1" 304 0
0:0:0:0:0:0:0:1 - - [17/May/2017:19:24:35 +0530] "GET /FrontPage HTTP/1.1" 200 7495
0:0:0:0:0:0:0:1 - - [17/May/2017:19:24:35 +0530] "GET /files/fitnesse/css/fitnesse_straight.css HTTP/1.1" 304 0
0:0:0:0:0:0:0:1 - - [17/May/2017:19:24:36 +0530] "GET /files/fitnesse/wysiwyg/wysiwyg.css HTTP/1.1" 304 0
0:0:0:0:0:0:0:1 - - [17/May/2017:19:24:36 +0530] "GET /files/fitnesse/javascript/jquery-1.7.2.min.js HTTP/1.1" 304 0
0:0:0:0:0:0:0:1 - - [17/May/2017:19:24:36 +0530] "GET /files/fitnesse/css/fitnesse_pages.css HTTP/1.1" 304 0
0:0:0:0:0:0:0:1 - - [17/May/2017:19:24:36 +0530] "GET /files/fitnesse/question.mark/question.mark.css HTTP/1.1" 304 0
0:0:0:0:0:0:0:1 - - [17/May/2017:19:24:36 +0530] "GET /files/fitnesse/css/fitnesse_wiki.css HTTP/1.1" 304 0
0:0:0:0:0:0:0:1 - - [17/May/2017:19:24:36 +0530] "GET /files/fitnesse/javascript/fitnesse.js HTTP/1.1" 304 0
0:0:0:0:0:0:0:1 - - [17/May/2017:19:24:36 +0530] "GET /files/fitnesse/javascript/mousetrap.min.js HTTP/1.1" 304 0
0:0:0:0:0:0:0:1 - - [17/May/2017:19:24:36 +0530] "GET /files/fitnesse/javascript/fitnesse_straight.js HTTP/1.1" 304 0
0:0:0:0:0:0:0:1 - - [17/May/2017:19:24:36 +0530] "GET /files/fitnesse/question.mark/question.mark.js HTTP/1.1" 304 0
0:0:0:0:0:0:0:1 - - [17/May/2017:19:24:36 +0530] "GET /files/fitnesse/images/fitnesse-logo.png HTTP/1.1" 304 0
0:0:0:0:0:0:0:1 - - [17/May/2017:19:24:39 +0530] "GET /FrontPage?new&pageTemplate=.TemplateLibrary.TestPage HTTP/1.1" 200 4876
0:0:0:0:0:0:0:1 - - [17/May/2017:19:24:39 +0530] "GET /files/fitnesse/css/fitnesse_wiki.css HTTP/1.1" 304 0
0:0:0:0:0:0:0:1 - - [17/May/2017:19:24:39 +0530] "GET /files/fitnesse/javascript/SpreadsheetTranslator.js HTTP/1.1" 304 0
0:0:0:0:0:0:0:1 - - [17/May/2017:19:24:39 +0530] "GET /files/fitnesse/css/fitnesse_straight.css HTTP/1.1" 304 0
0:0:0:0:0:0:0:1 - - [17/May/2017:19:24:39 +0530] "GET /files/fitnesse/javascript/WikiFormatter.js HTTP/1.1" 304 0
0:0:0:0:0:0:0:1 - - [17/May/2017:19:24:39 +0530] "GET /files/fitnesse/wysiwyg/editor.css HTTP/1.1" 304 0
0:0:0:0:0:0:0:1 - - [17/May/2017:19:24:39 +0530] "GET /files/fitnesse/javascript/textinputs_jquery.js HTTP/1.1" 304 0
0:0:0:0:0:0:0:1 - - [17/May/2017:19:24:39 +0530] "GET /files/fitnesse/wysiwyg/wysiwyg.js HTTP/1.1" 304 0
0:0:0:0:0:0:0:1 - - [17/May/2017:19:24:39 +0530] "GET /files/fitnesse/javascript/jquery.tagsinput.js HTTP/1.1" 304 0
0:0:0:0:0:0:0:1 - - [17/May/2017:19:24:39 +0530] "GET /files/fitnesse/javascript/TemplateInserter.js HTTP/1.1" 304 0
0:0:0:0:0:0:0:1 - - [17/May/2017:19:24:39 +0530] "GET /files/fitnesse/wysiwyg/menusprite.png HTTP/1.1" 304 0
0:0:0:0:0:0:0:1 - - [17/May/2017:19:24:44 +0530] "POST /FrontPage HTTP/1.1" 400 1762
0:0:0:0:0:0:0:1 - - [17/May/2017:19:24:44 +0530] "GET /files/fitnesse/css/fitnesse_wiki.css HTTP/1.1" 304 0
0:0:0:0:0:0:0:1 - - [17/May/2017:19:24:44 +0530] "GET /files/fitnesse/wysiwyg/wysiwyg.css HTTP/1.1" 304 0
0:0:0:0:0:0:0:1 - - [17/May/2017:19:24:44 +0530] "GET /files/fitnesse/css/fitnesse_pages.css HTTP/1.1" 304 0
0:0:0:0:0:0:0:1 - - [17/May/2017:19:24:44 +0530] "GET /files/fitnesse/question.mark/question.mark.css HTTP/1.1" 304 0
0:0:0:0:0:0:0:1 - - [17/May/2017:19:24:44 +0530] "GET /files/fitnesse/javascript/jquery-1.7.2.min.js HTTP/1.1" 304 0
0:0:0:0:0:0:0:1 - - [17/May/2017:19:24:44 +0530] "GET /files/fitnesse/css/fitnesse_straight.css HTTP/1.1" 304 0
0:0:0:0:0:0:0:1 - - [17/May/2017:19:24:44 +0530] "GET /files/fitnesse/javascript/fitnesse_straight.js HTTP/1.1" 304 0
0:0:0:0:0:0:0:1 - - [17/May/2017:19:24:44 +0530] "GET /files/fitnesse/javascript/fitnesse.js HTTP/1.1" 304 0
0:0:0:0:0:0:0:1 - - [17/May/2017:19:24:44 +0530] "GET /files/fitnesse/images/fitnesse-logo.png HTTP/1.1" 304 0
0:0:0:0:0:0:0:1 - - [17/May/2017:19:24:53 +0530] "GET / HTTP/1.1" 200 7495
0:0:0:0:0:0:0:1 - - [17/May/2017:19:24:53 +0530] "GET /files/fitnesse/css/fitnesse_pages.css HTTP/1.1" 304 0
0:0:0:0:0:0:0:1 - - [17/May/2017:19:24:53 +0530] "GET /files/fitnesse/wysiwyg/wysiwyg.css HTTP/1.1" 304 0
0:0:0:0:0:0:0:1 - - [17/May/2017:19:24:53 +0530] "GET /files/fitnesse/css/fitnesse_straight.css HTTP/1.1" 304 0
0:0:0:0:0:0:0:1 - - [17/May/2017:19:24:53 +0530] "GET /files/fitnesse/css/fitnesse_wiki.css HTTP/1.1" 304 0
0:0:0:0:0:0:0:1 - - [17/May/2017:19:24:53 +0530] "GET /files/fitnesse/question.mark/question.mark.css HTTP/1.1" 304 0
0:0:0:0:0:0:0:1 - - [17/May/2017:19:24:53 +0530] "GET /files/fitnesse/javascript/fitnesse.js HTTP/1.1" 304 0
0:0:0:0:0:0:0:1 - - [17/May/2017:19:24:53 +0530] "GET /files/fitnesse/javascript/mousetrap.min.js HTTP/1.1" 304 0
0:0:0:0:0:0:0:1 - - [17/May/2017:19:24:53 +0530] "GET /files/fitnesse/question.mark/question.mark.js HTTP/1.1" 304 0
0:0:0:0:0:0:0:1 - - [17/May/2017:19:24:53 +0530] "GET /files/fitnesse/javascript/fitnesse_straight.js HTTP/1.1" 304 0
0:0:0:0:0:0:0:1 - - [17/May/2017:19:24:53 +0530] "GET /files/fitnesse/javascript/jquery-1.7.2.min.js HTTP/1.1" 304 0
0:0:0:0:0:0:0:1 - - [17/May/2017:19:24:53 +0530] "GET /files/fitnesse/images/fitnesse-logo.png HTTP/1.1" 304 0
0:0:0:0:0:0:0:1 - - [17/May/2017:19:26:44 +0530] "GET /FrontPage?new HTTP/1.1" 200 5351
0:0:0:0:0:0:0:1 - - [17/May/2017:19:26:44 +0530] "GET /files/fitnesse/css/fitnesse_pages.css HTTP/1.1" 304 0
0:0:0:0:0:0:0:1 - - [17/May/2017:19:26:44 +0530] "GET /files/fitnesse/css/fitnesse_wiki.css HTTP/1.1" 304 0
0:0:0:0:0:0:0:1 - - [17/May/2017:19:26:44 +0530] "GET /files/fitnesse/wysiwyg/editor.css HTTP/1.1" 304 0
0:0:0:0:0:0:0:1 - - [17/May/2017:19:26:44 +0530] "GET /files/fitnesse/css/fitnesse_straight.css HTTP/1.1" 304 0
0:0:0:0:0:0:0:1 - - [17/May/2017:19:26:45 +0530] "GET /files/fitnesse/javascript/jquery-1.7.2.min.js HTTP/1.1" 304 0
0:0:0:0:0:0:0:1 - - [17/May/2017:19:26:45 +0530] "GET /files/fitnesse/wysiwyg/wysiwyg.css HTTP/1.1" 304 0
0:0:0:0:0:0:0:1 - - [17/May/2017:19:26:45 +0530] "GET /files/fitnesse/question.mark/question.mark.css HTTP/1.1" 304 0
0:0:0:0:0:0:0:1 - - [17/May/2017:19:26:45 +0530] "GET /files/fitnesse/javascript/fitnesse.js HTTP/1.1" 304 0
0:0:0:0:0:0:0:1 - - [17/May/2017:19:26:45 +0530] "GET /files/fitnesse/javascript/fitnesse_straight.js HTTP/1.1" 304 0
0:0:0:0:0:0:0:1 - - [17/May/2017:19:26:45 +0530] "GET /files/fitnesse/javascript/textinputs_jquery.js HTTP/1.1" 304 0
0:0:0:0:0:0:0:1 - - [17/May/2017:19:26:45 +0530] "GET /files/fitnesse/javascript/WikiFormatter.js HTTP/1.1" 304 0
0:0:0:0:0:0:0:1 - - [17/May/2017:19:26:45 +0530] "GET /files/fitnesse/javascript/TemplateInserter.js HTTP/1.1" 304 0
0:0:0:0:0:0:0:1 - - [17/May/2017:19:26:45 +0530] "GET /files/fitnesse/javascript/SpreadsheetTranslator.js HTTP/1.1" 304 0
0:0:0:0:0:0:0:1 - - [17/May/2017:19:26:45 +0530] "GET /files/fitnesse/wysiwyg/wysiwyg.js HTTP/1.1" 304 0
0:0:0:0:0:0:0:1 - - [17/May/2017:19:26:45 +0530] "GET /files/fitnesse/javascript/jquery.tagsinput.js HTTP/1.1" 304 0
0:0:0:0:0:0:0:1 - - [17/May/2017:19:26:45 +0530] "GET /files/fitnesse/images/fitnesse-logo.png HTTP/1.1" 304 0
0:0:0:0:0:0:0:1 - - [17/May/2017:19:26:45 +0530] "GET /files/fitnesse/wysiwyg/menusprite.png HTTP/1.1" 304 0
0:0:0:0:0:0:0:1 - - [17/May/2017:19:26:48 +0530] "GET /FrontPage HTTP/1.1" 200 7495
0:0:0:0:0:0:0:1 - - [17/May/2017:19:26:48 +0530] "GET /files/fitnesse/question.mark/question.mark.js HTTP/1.1" 304 0
0:0:0:0:0:0:0:1 - - [17/May/2017:19:26:48 +0530] "GET /files/fitnesse/javascript/mousetrap.min.js HTTP/1.1" 304 0
0:0:0:0:0:0:0:1 - - [17/May/2017:19:26:51 +0530] "GET /FrontPage?new&pageTemplate=.TemplateLibrary.SuitePage HTTP/1.1" 200 4907
0:0:0:0:0:0:0:1 - - [17/May/2017:19:27:02 +0530] "POST /FrontPage HTTP/1.1" 400 1762
0:0:0:0:0:0:0:1 - - [17/May/2017:19:27:02 +0530] "GET /files/fitnesse/css/fitnesse_wiki.css HTTP/1.1" 304 0
0:0:0:0:0:0:0:1 - - [17/May/2017:19:27:02 +0530] "GET /files/fitnesse/question.mark/question.mark.css HTTP/1.1" 304 0
0:0:0:0:0:0:0:1 - - [17/May/2017:19:27:02 +0530] "GET /files/fitnesse/css/fitnesse_straight.css HTTP/1.1" 304 0
0:0:0:0:0:0:0:1 - - [17/May/2017:19:27:02 +0530] "GET /files/fitnesse/javascript/jquery-1.7.2.min.js HTTP/1.1" 304 0
0:0:0:0:0:0:0:1 - - [17/May/2017:19:27:02 +0530] "GET /files/fitnesse/wysiwyg/wysiwyg.css HTTP/1.1" 304 0
0:0:0:0:0:0:0:1 - - [17/May/2017:19:27:02 +0530] "GET /files/fitnesse/css/fitnesse_pages.css HTTP/1.1" 304 0
0:0:0:0:0:0:0:1 - - [17/May/2017:19:27:02 +0530] "GET /files/fitnesse/javascript/fitnesse.js HTTP/1.1" 304 0
0:0:0:0:0:0:0:1 - - [17/May/2017:19:27:02 +0530] "GET /files/fitnesse/javascript/fitnesse_straight.js HTTP/1.1" 304 0
0:0:0:0:0:0:0:1 - - [17/May/2017:19:27:02 +0530] "GET /files/fitnesse/images/fitnesse-logo.png HTTP/1.1" 304 0
0:0:0:0:0:0:0:1 - - [17/May/2017:19:27:07 +0530] "GET /FrontPage HTTP/1.1" 200 7495
0:0:0:0:0:0:0:1 - - [17/May/2017:19:27:07 +0530] "GET /files/fitnesse/javascript/mousetrap.min.js HTTP/1.1" 304 0
0:0:0:0:0:0:0:1 - - [17/May/2017:19:27:07 +0530] "GET /files/fitnesse/question.mark/question.mark.js HTTP/1.1" 304 0
0:0:0:0:0:0:0:1 - - [17/May/2017:19:27:11 +0530] "GET /FrontPage?new&pageTemplate=.TemplateLibrary.TestPage HTTP/1.1" 200 4876
0:0:0:0:0:0:0:1 - - [17/May/2017:19:27:11 +0530] "GET /files/fitnesse/wysiwyg/editor.css HTTP/1.1" 304 0
0:0:0:0:0:0:0:1 - - [17/May/2017:19:27:11 +0530] "GET /files/fitnesse/javascript/SpreadsheetTranslator.js HTTP/1.1" 304 0
0:0:0:0:0:0:0:1 - - [17/May/2017:19:27:12 +0530] "GET /files/fitnesse/javascript/TemplateInserter.js HTTP/1.1" 304 0
0:0:0:0:0:0:0:1 - - [17/May/2017:19:27:12 +0530] "GET /files/fitnesse/javascript/textinputs_jquery.js HTTP/1.1" 304 0
0:0:0:0:0:0:0:1 - - [17/May/2017:19:27:12 +0530] "GET /files/fitnesse/wysiwyg/wysiwyg.js HTTP/1.1" 304 0
0:0:0:0:0:0:0:1 - - [17/May/2017:19:27:12 +0530] "GET /files/fitnesse/javascript/WikiFormatter.js HTTP/1.1" 304 0
0:0:0:0:0:0:0:1 - - [17/May/2017:19:27:12 +0530] "GET /files/fitnesse/javascript/jquery.tagsinput.js HTTP/1.1" 304 0
0:0:0:0:0:0:0:1 - - [17/May/2017:19:27:12 +0530] "GET /files/fitnesse/wysiwyg/menusprite.png HTTP/1.1" 304 0
0:0:0:0:0:0:0:1 - - [17/May/2017:19:27:57 +0530] "GET / HTTP/1.1" 200 7495
0:0:0:0:0:0:0:1 - - [17/May/2017:19:27:57 +0530] "GET /files/fitnesse/css/fitnesse_straight.css HTTP/1.1" 304 0
0:0:0:0:0:0:0:1 - - [17/May/2017:19:27:57 +0530] "GET /files/fitnesse/wysiwyg/wysiwyg.css HTTP/1.1" 304 0
0:0:0:0:0:0:0:1 - - [17/May/2017:19:27:57 +0530] "GET /files/fitnesse/css/fitnesse_wiki.css HTTP/1.1" 304 0
0:0:0:0:0:0:0:1 - - [17/May/2017:19:27:57 +0530] "GET /files/fitnesse/question.mark/question.mark.css HTTP/1.1" 304 0
0:0:0:0:0:0:0:1 - - [17/May/2017:19:27:57 +0530] "GET /files/fitnesse/css/fitnesse_pages.css HTTP/1.1" 304 0
0:0:0:0:0:0:0:1 - - [17/May/2017:19:27:57 +0530] "GET /files/fitnesse/javascript/jquery-1.7.2.min.js HTTP/1.1" 304 0
0:0:0:0:0:0:0:1 - - [17/May/2017:19:27:57 +0530] "GET /files/fitnesse/javascript/mousetrap.min.js HTTP/1.1" 304 0
0:0:0:0:0:0:0:1 - - [17/May/2017:19:27:57 +0530] "GET /files/fitnesse/javascript/fitnesse.js HTTP/1.1" 304 0
0:0:0:0:0:0:0:1 - - [17/May/2017:19:27:57 +0530] "GET /files/fitnesse/question.mark/question.mark.js HTTP/1.1" 304 0
0:0:0:0:0:0:0:1 - - [17/May/2017:19:27:57 +0530] "GET /files/fitnesse/javascript/fitnesse_straight.js HTTP/1.1" 304 0
0:0:0:0:0:0:0:1 - - [17/May/2017:19:27:57 +0530] "GET /files/fitnesse/images/fitnesse-logo.png HTTP/1.1" 304 0
0:0:0:0:0:0:0:1 - - [17/May/2017:19:28:04 +0530] "GET /FitNesse.UserGuide.TwoMinuteExample HTTP/1.1" 200 14476
0:0:0:0:0:0:0:1 - - [17/May/2017:19:28:04 +0530] "GET /files/fitnesse/images/collapsibleOpen.png HTTP/1.1" 200 1784
0:0:0:0:0:0:0:1 - - [17/May/2017:19:28:16 +0530] "GET /files/fitnesse/images/wrong.png HTTP/1.1" 200 3145
0:0:0:0:0:0:0:1 - - [17/May/2017:19:28:16 +0530] "GET /FitNesse.UserGuide.TwoMinuteExample?test HTTP/1.1" 200 14270
0:0:0:0:0:0:0:1 - - [17/May/2017:19:28:43 +0530] "null" 408 1849
0:0:0:0:0:0:0:1 - - [17/May/2017:19:28:43 +0530] "null" 408 1849
0:0:0:0:0:0:0:1 - - [17/May/2017:19:28:43 +0530] "null" 408 1849
0:0:0:0:0:0:0:1 - - [17/May/2017:19:28:43 +0530] "null" 408 1849
0:0:0:0:0:0:0:1 - - [17/May/2017:19:28:43 +0530] "null" 408 1849
0:0:0:0:0:0:0:1 - - [17/May/2017:19:28:43 +0530] "null" 408 1849
0:0:0:0:0:0:0:1 - - [17/May/2017:19:29:45 +0530] "GET / HTTP/1.1" 200 7495
0:0:0:0:0:0:0:1 - - [17/May/2017:19:29:45 +0530] "GET /files/fitnesse/css/fitnesse_wiki.css HTTP/1.1" 304 0
0:0:0:0:0:0:0:1 - - [17/May/2017:19:29:45 +0530] "GET /files/fitnesse/css/fitnesse_pages.css HTTP/1.1" 304 0
0:0:0:0:0:0:0:1 - - [17/May/2017:19:29:45 +0530] "GET /files/fitnesse/wysiwyg/wysiwyg.css HTTP/1.1" 304 0
0:0:0:0:0:0:0:1 - - [17/May/2017:19:29:45 +0530] "GET /files/fitnesse/question.mark/question.mark.css HTTP/1.1" 304 0
0:0:0:0:0:0:0:1 - - [17/May/2017:19:29:45 +0530] "GET /files/fitnesse/css/fitnesse_straight.css HTTP/1.1" 304 0
0:0:0:0:0:0:0:1 - - [17/May/2017:19:29:45 +0530] "GET /files/fitnesse/javascript/jquery-1.7.2.min.js HTTP/1.1" 304 0
0:0:0:0:0:0:0:1 - - [17/May/2017:19:29:45 +0530] "GET /files/fitnesse/javascript/fitnesse.js HTTP/1.1" 304 0
0:0:0:0:0:0:0:1 - - [17/May/2017:19:29:45 +0530] "GET /files/fitnesse/javascript/fitnesse_straight.js HTTP/1.1" 304 0
0:0:0:0:0:0:0:1 - - [17/May/2017:19:29:45 +0530] "GET /files/fitnesse/question.mark/question.mark.js HTTP/1.1" 304 0
0:0:0:0:0:0:0:1 - - [17/May/2017:19:29:45 +0530] "GET /files/fitnesse/javascript/mousetrap.min.js HTTP/1.1" 304 0
0:0:0:0:0:0:0:1 - - [17/May/2017:19:29:45 +0530] "GET /files/fitnesse/images/fitnesse-logo.png HTTP/1.1" 304 0
0:0:0:0:0:0:0:1 - - [17/May/2017:19:29:48 +0530] "GET /FrontPage?new&pageTemplate=.TemplateLibrary.TestPage HTTP/1.1" 200 4876
0:0:0:0:0:0:0:1 - - [17/May/2017:19:29:48 +0530] "GET /files/fitnesse/wysiwyg/editor.css HTTP/1.1" 304 0
0:0:0:0:0:0:0:1 - - [17/May/2017:19:29:48 +0530] "GET /files/fitnesse/wysiwyg/wysiwyg.js HTTP/1.1" 304 0
0:0:0:0:0:0:0:1 - - [17/May/2017:19:29:48 +0530] "GET /files/fitnesse/javascript/SpreadsheetTranslator.js HTTP/1.1" 304 0
0:0:0:0:0:0:0:1 - - [17/May/2017:19:29:48 +0530] "GET /files/fitnesse/javascript/TemplateInserter.js HTTP/1.1" 304 0
0:0:0:0:0:0:0:1 - - [17/May/2017:19:29:48 +0530] "GET /files/fitnesse/javascript/textinputs_jquery.js HTTP/1.1" 304 0
0:0:0:0:0:0:0:1 - - [17/May/2017:19:29:48 +0530] "GET /files/fitnesse/javascript/jquery.tagsinput.js HTTP/1.1" 304 0
0:0:0:0:0:0:0:1 - - [17/May/2017:19:29:48 +0530] "GET /files/fitnesse/javascript/WikiFormatter.js HTTP/1.1" 304 0
0:0:0:0:0:0:0:1 - - [17/May/2017:19:29:48 +0530] "GET /files/fitnesse/wysiwyg/menusprite.png HTTP/1.1" 304 0
0:0:0:0:0:0:0:1 - - [17/May/2017:19:29:55 +0530] "POST /FrontPage HTTP/1.1" 400 1762
0:0:0:0:0:0:0:1 - - [17/May/2017:19:30:08 +0530] "GET /FrontPage.test HTTP/1.1" 404 1818
0:0:0:0:0:0:0:1 - - [17/May/2017:19:30:18 +0530] "null" 408 1849
0:0:0:0:0:0:0:1 - - [17/May/2017:19:30:18 +0530] "null" 408 1849
0:0:0:0:0:0:0:1 - - [17/May/2017:19:30:18 +0530] "null" 408 1849
0:0:0:0:0:0:0:1 - - [17/May/2017:19:30:18 +0530] "null" 408 1849
0:0:0:0:0:0:0:1 - - [17/May/2017:19:30:18 +0530] "null" 408 1849
0:0:0:0:0:0:0:1 - - [17/May/2017:19:30:19 +0530] "GET /FrontPage. HTTP/1.1" 404 1806
0:0:0:0:0:0:0:1 - - [17/May/2017:19:30:22 +0530] "GET / HTTP/1.1" 200 7495
0:0:0:0:0:0:0:1 - - [17/May/2017:19:30:23 +0530] "GET /files/fitnesse/css/fitnesse_wiki.css HTTP/1.1" 304 0
0:0:0:0:0:0:0:1 - - [17/May/2017:19:30:23 +0530] "GET /files/fitnesse/css/fitnesse_pages.css HTTP/1.1" 304 0
0:0:0:0:0:0:0:1 - - [17/May/2017:19:30:23 +0530] "GET /files/fitnesse/wysiwyg/wysiwyg.css HTTP/1.1" 304 0
0:0:0:0:0:0:0:1 - - [17/May/2017:19:30:23 +0530] "GET /files/fitnesse/css/fitnesse_straight.css HTTP/1.1" 304 0
0:0:0:0:0:0:0:1 - - [17/May/2017:19:30:23 +0530] "GET /files/fitnesse/question.mark/question.mark.css HTTP/1.1" 304 0
0:0:0:0:0:0:0:1 - - [17/May/2017:19:30:23 +0530] "GET /files/fitnesse/javascript/jquery-1.7.2.min.js HTTP/1.1" 304 0
0:0:0:0:0:0:0:1 - - [17/May/2017:19:30:23 +0530] "GET /files/fitnesse/javascript/mousetrap.min.js HTTP/1.1" 304 0
0:0:0:0:0:0:0:1 - - [17/May/2017:19:30:23 +0530] "GET /files/fitnesse/javascript/fitnesse.js HTTP/1.1" 304 0
0:0:0:0:0:0:0:1 - - [17/May/2017:19:30:23 +0530] "GET /files/fitnesse/javascript/fitnesse_straight.js HTTP/1.1" 304 0
0:0:0:0:0:0:0:1 - - [17/May/2017:19:30:23 +0530] "GET /files/fitnesse/question.mark/question.mark.js HTTP/1.1" 304 0
0:0:0:0:0:0:0:1 - - [17/May/2017:19:30:23 +0530] "GET /files/fitnesse/images/fitnesse-logo.png HTTP/1.1" 304 0
0:0:0:0:0:0:0:1 - - [17/May/2017:19:30:37 +0530] "GET /FrontPage.WelcomeTestCase HTTP/1.1" 200 4937
0:0:0:0:0:0:0:1 - - [17/May/2017:19:30:37 +0530] "GET /files/fitnesse/javascript/SpreadsheetTranslator.js HTTP/1.1" 304 0
0:0:0:0:0:0:0:1 - - [17/May/2017:19:30:37 +0530] "GET /files/fitnesse/javascript/textinputs_jquery.js HTTP/1.1" 304 0
0:0:0:0:0:0:0:1 - - [17/May/2017:19:30:37 +0530] "GET /files/fitnesse/javascript/WikiFormatter.js HTTP/1.1" 304 0
0:0:0:0:0:0:0:1 - - [17/May/2017:19:30:37 +0530] "GET /files/fitnesse/wysiwyg/editor.css HTTP/1.1" 304 0
0:0:0:0:0:0:0:1 - - [17/May/2017:19:30:37 +0530] "GET /files/fitnesse/wysiwyg/wysiwyg.js HTTP/1.1" 304 0
0:0:0:0:0:0:0:1 - - [17/May/2017:19:30:37 +0530] "GET /files/fitnesse/javascript/TemplateInserter.js HTTP/1.1" 304 0
0:0:0:0:0:0:0:1 - - [17/May/2017:19:30:37 +0530] "GET /files/fitnesse/javascript/jquery.tagsinput.js HTTP/1.1" 304 0
0:0:0:0:0:0:0:1 - - [17/May/2017:19:30:37 +0530] "GET /files/fitnesse/wysiwyg/menusprite.png HTTP/1.1" 304 0
0:0:0:0:0:0:0:1 - - [17/May/2017:19:30:55 +0530] "POST /FrontPage.WelcomeTestCase HTTP/1.1" 303 0
0:0:0:0:0:0:0:1 - - [17/May/2017:19:30:55 +0530] "GET /FrontPage.WelcomeTestCase HTTP/1.1" 200 6965
0:0:0:0:0:0:0:1 - - [17/May/2017:19:31:00 +0530] "GET /FrontPage.WelcomeTestCase HTTP/1.1" 200 6965
0:0:0:0:0:0:0:1 - - [17/May/2017:19:31:02 +0530] "GET /FrontPage.WelcomeTestCase?edit HTTP/1.1" 200 4917
0:0:0:0:0:0:0:1 - - [17/May/2017:19:31:02 +0530] "GET /files/fitnesse/css/fitnesse_wiki.css HTTP/1.1" 304 0
0:0:0:0:0:0:0:1 - - [17/May/2017:19:31:02 +0530] "GET /files/fitnesse/css/fitnesse_pages.css HTTP/1.1" 304 0
0:0:0:0:0:0:0:1 - - [17/May/2017:19:31:02 +0530] "GET /files/fitnesse/wysiwyg/wysiwyg.css HTTP/1.1" 304 0
0:0:0:0:0:0:0:1 - - [17/May/2017:19:31:02 +0530] "GET /files/fitnesse/question.mark/question.mark.css HTTP/1.1" 304 0
0:0:0:0:0:0:0:1 - - [17/May/2017:19:31:02 +0530] "GET /files/fitnesse/css/fitnesse_straight.css HTTP/1.1" 304 0
0:0:0:0:0:0:0:1 - - [17/May/2017:19:31:02 +0530] "GET /files/fitnesse/javascript/jquery-1.7.2.min.js HTTP/1.1" 304 0
0:0:0:0:0:0:0:1 - - [17/May/2017:19:31:02 +0530] "GET /files/fitnesse/javascript/fitnesse.js HTTP/1.1" 304 0
0:0:0:0:0:0:0:1 - - [17/May/2017:19:31:02 +0530] "GET /files/fitnesse/javascript/fitnesse_straight.js HTTP/1.1" 304 0
0:0:0:0:0:0:0:1 - - [17/May/2017:19:31:02 +0530] "GET /files/fitnesse/images/fitnesse-logo.png HTTP/1.1" 304 0
0:0:0:0:0:0:0:1 - - [17/May/2017:19:31:22 +0530] "POST /FrontPage.WelcomeTestCase HTTP/1.1" 303 0
0:0:0:0:0:0:0:1 - - [17/May/2017:19:31:22 +0530] "GET /FrontPage.WelcomeTestCase HTTP/1.1" 200 8133
0:0:0:0:0:0:0:1 - - [17/May/2017:19:31:22 +0530] "GET /files/fitnesse/question.mark/question.mark.js HTTP/1.1" 304 0
0:0:0:0:0:0:0:1 - - [17/May/2017:19:31:22 +0530] "GET /files/fitnesse/javascript/mousetrap.min.js HTTP/1.1" 304 0
0:0:0:0:0:0:0:1 - - [17/May/2017:19:31:40 +0530] "GET /FrontPage.WelcomeTestCase?test HTTP/1.1" 200 5307
0:0:0:0:0:0:0:1 - - [17/May/2017:19:31:47 +0530] "GET /ErrorLogs.FrontPage.WelcomeTestCase HTTP/1.1" 200 5755
0:0:0:0:0:0:0:1 - - [17/May/2017:19:31:47 +0530] "GET /files/fitnesse/wysiwyg/wysiwyg.css HTTP/1.1" 304 0
0:0:0:0:0:0:0:1 - - [17/May/2017:19:31:47 +0530] "GET /files/fitnesse/css/fitnesse_pages.css HTTP/1.1" 304 0
0:0:0:0:0:0:0:1 - - [17/May/2017:19:31:47 +0530] "GET /files/fitnesse/css/fitnesse_straight.css HTTP/1.1" 304 0
0:0:0:0:0:0:0:1 - - [17/May/2017:19:31:47 +0530] "GET /files/fitnesse/css/fitnesse_wiki.css HTTP/1.1" 304 0
0:0:0:0:0:0:0:1 - - [17/May/2017:19:31:47 +0530] "GET /files/fitnesse/javascript/jquery-1.7.2.min.js HTTP/1.1" 304 0
0:0:0:0:0:0:0:1 - - [17/May/2017:19:31:47 +0530] "GET /files/fitnesse/question.mark/question.mark.css HTTP/1.1" 304 0
0:0:0:0:0:0:0:1 - - [17/May/2017:19:31:47 +0530] "GET /files/fitnesse/javascript/fitnesse_straight.js HTTP/1.1" 304 0
0:0:0:0:0:0:0:1 - - [17/May/2017:19:31:47 +0530] "GET /files/fitnesse/javascript/fitnesse.js HTTP/1.1" 304 0
0:0:0:0:0:0:0:1 - - [17/May/2017:19:31:47 +0530] "GET /files/fitnesse/images/fitnesse-logo.png HTTP/1.1" 304 0
0:0:0:0:0:0:0:1 - - [17/May/2017:19:31:52 +0530] "GET /ErrorLogs.FrontPage.WelcomeTestCase HTTP/1.1" 200 5755
0:0:0:0:0:0:0:1 - - [17/May/2017:19:31:57 +0530] "GET /ErrorLogs HTTP/1.1" 200 5488
0:0:0:0:0:0:0:1 - - [17/May/2017:19:32:02 +0530] "null" 408 1849
0:0:0:0:0:0:0:1 - - [17/May/2017:19:32:02 +0530] "null" 408 1849
0:0:0:0:0:0:0:1 - - [17/May/2017:19:32:02 +0530] "null" 408 1849
0:0:0:0:0:0:0:1 - - [17/May/2017:19:32:02 +0530] "null" 408 1849
0:0:0:0:0:0:0:1 - - [17/May/2017:19:32:07 +0530] "GET /FrontPage.WelcomeTestCase HTTP/1.1" 200 8133
0:0:0:0:0:0:0:1 - - [17/May/2017:19:32:07 +0530] "GET /files/fitnesse/javascript/mousetrap.min.js HTTP/1.1" 304 0
0:0:0:0:0:0:0:1 - - [17/May/2017:19:32:07 +0530] "GET /files/fitnesse/question.mark/question.mark.js HTTP/1.1" 304 0
0:0:0:0:0:0:0:1 - - [17/May/2017:19:32:17 +0530] "null" 408 1849
0:0:0:0:0:0:0:1 - - [17/May/2017:19:32:17 +0530] "null" 408 1849
0:0:0:0:0:0:0:1 - - [17/May/2017:19:32:23 +0530] "GET /FrontPage.WelcomeTestCase?properties HTTP/1.1" 200 6041
0:0:0:0:0:0:0:1 - - [17/May/2017:19:32:23 +0530] "GET /files/fitnesse/javascript/jquery.tagsinput.js HTTP/1.1" 304 0
0:0:0:0:0:0:0:1 - - [17/May/2017:19:32:24 +0530] "GET /FrontPage.WelcomeTestCase HTTP/1.1" 200 8133
0:0:0:0:0:0:0:1 - - [17/May/2017:19:32:30 +0530] "GET /FrontPage.WelcomeTestCase?edit HTTP/1.1" 200 5613
0:0:0:0:0:0:0:1 - - [17/May/2017:19:32:30 +0530] "GET /files/fitnesse/javascript/SpreadsheetTranslator.js HTTP/1.1" 304 0
0:0:0:0:0:0:0:1 - - [17/May/2017:19:32:30 +0530] "GET /files/fitnesse/javascript/textinputs_jquery.js HTTP/1.1" 304 0
0:0:0:0:0:0:0:1 - - [17/May/2017:19:32:30 +0530] "GET /files/fitnesse/javascript/WikiFormatter.js HTTP/1.1" 304 0
0:0:0:0:0:0:0:1 - - [17/May/2017:19:32:30 +0530] "GET /files/fitnesse/javascript/TemplateInserter.js HTTP/1.1" 304 0
0:0:0:0:0:0:0:1 - - [17/May/2017:19:32:30 +0530] "GET /files/fitnesse/wysiwyg/editor.css HTTP/1.1" 304 0
0:0:0:0:0:0:0:1 - - [17/May/2017:19:32:30 +0530] "GET /files/fitnesse/wysiwyg/wysiwyg.js HTTP/1.1" 304 0
0:0:0:0:0:0:0:1 - - [17/May/2017:19:32:59 +0530] "POST /FrontPage.WelcomeTestCase HTTP/1.1" 303 0
0:0:0:0:0:0:0:1 - - [17/May/2017:19:32:59 +0530] "GET /FrontPage.WelcomeTestCase HTTP/1.1" 200 8133
0:0:0:0:0:0:0:1 - - [17/May/2017:19:32:59 +0530] "GET /files/fitnesse/css/fitnesse_pages.css HTTP/1.1" 304 0
0:0:0:0:0:0:0:1 - - [17/May/2017:19:32:59 +0530] "GET /files/fitnesse/javascript/jquery-1.7.2.min.js HTTP/1.1" 304 0
0:0:0:0:0:0:0:1 - - [17/May/2017:19:32:59 +0530] "GET /files/fitnesse/wysiwyg/wysiwyg.css HTTP/1.1" 304 0
0:0:0:0:0:0:0:1 - - [17/May/2017:19:32:59 +0530] "GET /files/fitnesse/question.mark/question.mark.css HTTP/1.1" 304 0
0:0:0:0:0:0:0:1 - - [17/May/2017:19:32:59 +0530] "GET /files/fitnesse/css/fitnesse_straight.css HTTP/1.1" 304 0
0:0:0:0:0:0:0:1 - - [17/May/2017:19:32:59 +0530] "GET /files/fitnesse/css/fitnesse_wiki.css HTTP/1.1" 304 0
0:0:0:0:0:0:0:1 - - [17/May/2017:19:32:59 +0530] "GET /files/fitnesse/javascript/fitnesse.js HTTP/1.1" 304 0
0:0:0:0:0:0:0:1 - - [17/May/2017:19:32:59 +0530] "GET /files/fitnesse/javascript/fitnesse_straight.js HTTP/1.1" 304 0
0:0:0:0:0:0:0:1 - - [17/May/2017:19:32:59 +0530] "GET /files/fitnesse/javascript/mousetrap.min.js HTTP/1.1" 304 0
0:0:0:0:0:0:0:1 - - [17/May/2017:19:32:59 +0530] "GET /files/fitnesse/question.mark/question.mark.js HTTP/1.1" 304 0
0:0:0:0:0:0:0:1 - - [17/May/2017:19:32:59 +0530] "GET /files/fitnesse/images/fitnesse-logo.png HTTP/1.1" 304 0
0:0:0:0:0:0:0:1 - - [17/May/2017:19:33:08 +0530] "GET /FrontPage.WelcomeTestCase?test HTTP/1.1" 200 5307
0:0:0:0:0:0:0:1 - - [17/May/2017:19:33:18 +0530] "null" 408 1849
0:0:0:0:0:0:0:1 - - [17/May/2017:19:33:18 +0530] "null" 408 1849
0:0:0:0:0:0:0:1 - - [17/May/2017:19:33:18 +0530] "null" 408 1849
0:0:0:0:0:0:0:1 - - [17/May/2017:19:33:18 +0530] "null" 408 1849
0:0:0:0:0:0:0:1 - - [17/May/2017:19:33:37 +0530] "GET /FrontPage.WelcomeTestCase HTTP/1.1" 200 8133
0:0:0:0:0:0:0:1 - - [17/May/2017:19:33:44 +0530] "GET /FrontPage.WelcomeTestCase?edit HTTP/1.1" 200 5612
0:0:0:0:0:0:0:1 - - [17/May/2017:19:33:44 +0530] "GET /files/fitnesse/javascript/textinputs_jquery.js HTTP/1.1" 304 0
0:0:0:0:0:0:0:1 - - [17/May/2017:19:33:44 +0530] "GET /files/fitnesse/javascript/WikiFormatter.js HTTP/1.1" 304 0
0:0:0:0:0:0:0:1 - - [17/May/2017:19:33:44 +0530] "GET /files/fitnesse/javascript/SpreadsheetTranslator.js HTTP/1.1" 304 0
0:0:0:0:0:0:0:1 - - [17/May/2017:19:33:44 +0530] "GET /files/fitnesse/wysiwyg/wysiwyg.js HTTP/1.1" 304 0
0:0:0:0:0:0:0:1 - - [17/May/2017:19:33:44 +0530] "GET /files/fitnesse/wysiwyg/editor.css HTTP/1.1" 304 0
0:0:0:0:0:0:0:1 - - [17/May/2017:19:33:44 +0530] "GET /files/fitnesse/javascript/TemplateInserter.js HTTP/1.1" 304 0
0:0:0:0:0:0:0:1 - - [17/May/2017:19:33:44 +0530] "GET /files/fitnesse/javascript/jquery.tagsinput.js HTTP/1.1" 304 0
0:0:0:0:0:0:0:1 - - [17/May/2017:19:33:53 +0530] "POST /FrontPage.WelcomeTestCase HTTP/1.1" 303 0
0:0:0:0:0:0:0:1 - - [17/May/2017:19:33:53 +0530] "GET /FrontPage.WelcomeTestCase HTTP/1.1" 200 8116
0:0:0:0:0:0:0:1 - - [17/May/2017:19:33:53 +0530] "GET /files/fitnesse/javascript/jquery-1.7.2.min.js HTTP/1.1" 304 0
0:0:0:0:0:0:0:1 - - [17/May/2017:19:33:53 +0530] "GET /files/fitnesse/css/fitnesse_pages.css HTTP/1.1" 304 0
0:0:0:0:0:0:0:1 - - [17/May/2017:19:33:53 +0530] "GET /files/fitnesse/css/fitnesse_straight.css HTTP/1.1" 304 0
0:0:0:0:0:0:0:1 - - [17/May/2017:19:33:53 +0530] "GET /files/fitnesse/css/fitnesse_wiki.css HTTP/1.1" 304 0
0:0:0:0:0:0:0:1 - - [17/May/2017:19:33:53 +0530] "GET /files/fitnesse/wysiwyg/wysiwyg.css HTTP/1.1" 304 0
0:0:0:0:0:0:0:1 - - [17/May/2017:19:33:53 +0530] "GET /files/fitnesse/question.mark/question.mark.css HTTP/1.1" 304 0
0:0:0:0:0:0:0:1 - - [17/May/2017:19:33:53 +0530] "GET /files/fitnesse/javascript/fitnesse_straight.js HTTP/1.1" 304 0
0:0:0:0:0:0:0:1 - - [17/May/2017:19:33:53 +0530] "GET /files/fitnesse/javascript/mousetrap.min.js HTTP/1.1" 304 0
0:0:0:0:0:0:0:1 - - [17/May/2017:19:33:53 +0530] "GET /files/fitnesse/javascript/fitnesse.js HTTP/1.1" 304 0
0:0:0:0:0:0:0:1 - - [17/May/2017:19:33:53 +0530] "GET /files/fitnesse/question.mark/question.mark.js HTTP/1.1" 304 0
0:0:0:0:0:0:0:1 - - [17/May/2017:19:33:53 +0530] "GET /files/fitnesse/images/fitnesse-logo.png HTTP/1.1" 304 0
0:0:0:0:0:0:0:1 - - [17/May/2017:19:34:00 +0530] "GET /FrontPage.WelcomeTestCase?test HTTP/1.1" 200 5307
0:0:0:0:0:0:0:1 - - [17/May/2017:19:34:09 +0530] "GET /FrontPage.WelcomeTestCase?properties HTTP/1.1" 200 6041
0:0:0:0:0:0:0:1 - - [17/May/2017:19:34:10 +0530] "null" 408 1849
0:0:0:0:0:0:0:1 - - [17/May/2017:19:34:10 +0530] "null" 408 1849
0:0:0:0:0:0:0:1 - - [17/May/2017:19:35:00 +0530] "GET /FrontPage.WelcomeTestCase HTTP/1.1" 200 8116
0:0:0:0:0:0:0:1 - - [17/May/2017:19:35:00 +0530] "GET /files/fitnesse/css/fitnesse_straight.css HTTP/1.1" 304 0
0:0:0:0:0:0:0:1 - - [17/May/2017:19:35:00 +0530] "GET /files/fitnesse/css/fitnesse_wiki.css HTTP/1.1" 304 0
0:0:0:0:0:0:0:1 - - [17/May/2017:19:35:00 +0530] "GET /files/fitnesse/question.mark/question.mark.css HTTP/1.1" 304 0
0:0:0:0:0:0:0:1 - - [17/May/2017:19:35:00 +0530] "GET /files/fitnesse/css/fitnesse_pages.css HTTP/1.1" 304 0
0:0:0:0:0:0:0:1 - - [17/May/2017:19:35:00 +0530] "GET /files/fitnesse/javascript/jquery-1.7.2.min.js HTTP/1.1" 304 0
0:0:0:0:0:0:0:1 - - [17/May/2017:19:35:00 +0530] "GET /files/fitnesse/wysiwyg/wysiwyg.css HTTP/1.1" 304 0
0:0:0:0:0:0:0:1 - - [17/May/2017:19:35:00 +0530] "GET /files/fitnesse/javascript/fitnesse_straight.js HTTP/1.1" 304 0
0:0:0:0:0:0:0:1 - - [17/May/2017:19:35:00 +0530] "GET /files/fitnesse/question.mark/question.mark.js HTTP/1.1" 304 0
0:0:0:0:0:0:0:1 - - [17/May/2017:19:35:00 +0530] "GET /files/fitnesse/javascript/fitnesse.js HTTP/1.1" 304 0
0:0:0:0:0:0:0:1 - - [17/May/2017:19:35:00 +0530] "GET /files/fitnesse/javascript/mousetrap.min.js HTTP/1.1" 304 0
0:0:0:0:0:0:0:1 - - [17/May/2017:19:35:00 +0530] "GET /files/fitnesse/images/fitnesse-logo.png HTTP/1.1" 304 0
0:0:0:0:0:0:0:1 - - [17/May/2017:19:35:16 +0530] "GET /FrontPage.WelcomeTestCase?test&format=html HTTP/1.1" 200 5307
0:0:0:0:0:0:0:1 - - [17/May/2017:19:35:26 +0530] "null" 408 1849
0:0:0:0:0:0:0:1 - - [17/May/2017:19:35:26 +0530] "null" 408 1849
0:0:0:0:0:0:0:1 - - [17/May/2017:19:35:26 +0530] "null" 408 1849
0:0:0:0:0:0:0:1 - - [17/May/2017:19:35:35 +0530] "GET /FrontPage.WelcomeTestCase?test&format=HTML HTTP/1.1" 200 5307
0:0:0:0:0:0:0:1 - - [17/May/2017:19:35:45 +0530] "null" 408 1849
0:0:0:0:0:0:0:1 - - [17/May/2017:19:35:45 +0530] "null" 408 1849
0:0:0:0:0:0:0:1 - - [17/May/2017:19:36:07 +0530] "GET /FrontPage.WelcomeTestCase HTTP/1.1" 200 8116
0:0:0:0:0:0:0:1 - - [17/May/2017:19:36:07 +0530] "GET /files/fitnesse/css/fitnesse_wiki.css HTTP/1.1" 304 0
0:0:0:0:0:0:0:1 - - [17/May/2017:19:36:07 +0530] "GET /files/fitnesse/question.mark/question.mark.css HTTP/1.1" 304 0
0:0:0:0:0:0:0:1 - - [17/May/2017:19:36:07 +0530] "GET /files/fitnesse/css/fitnesse_pages.css HTTP/1.1" 304 0
0:0:0:0:0:0:0:1 - - [17/May/2017:19:36:07 +0530] "GET /files/fitnesse/javascript/jquery-1.7.2.min.js HTTP/1.1" 304 0
0:0:0:0:0:0:0:1 - - [17/May/2017:19:36:07 +0530] "GET /files/fitnesse/wysiwyg/wysiwyg.css HTTP/1.1" 304 0
0:0:0:0:0:0:0:1 - - [17/May/2017:19:36:07 +0530] "GET /files/fitnesse/css/fitnesse_straight.css HTTP/1.1" 304 0
0:0:0:0:0:0:0:1 - - [17/May/2017:19:36:07 +0530] "GET /files/fitnesse/javascript/mousetrap.min.js HTTP/1.1" 304 0
0:0:0:0:0:0:0:1 - - [17/May/2017:19:36:07 +0530] "GET /files/fitnesse/javascript/fitnesse_straight.js HTTP/1.1" 304 0
0:0:0:0:0:0:0:1 - - [17/May/2017:19:36:07 +0530] "GET /files/fitnesse/question.mark/question.mark.js HTTP/1.1" 304 0
0:0:0:0:0:0:0:1 - - [17/May/2017:19:36:07 +0530] "GET /files/fitnesse/javascript/fitnesse.js HTTP/1.1" 304 0
0:0:0:0:0:0:0:1 - - [17/May/2017:19:36:07 +0530] "GET /files/fitnesse/images/fitnesse-logo.png HTTP/1.1" 304 0
0:0:0:0:0:0:0:1 - - [17/May/2017:19:36:10 +0530] "GET /FrontPage.WelcomeTestCase?edit HTTP/1.1" 200 5599
0:0:0:0:0:0:0:1 - - [17/May/2017:19:36:10 +0530] "GET /files/fitnesse/javascript/textinputs_jquery.js HTTP/1.1" 304 0
0:0:0:0:0:0:0:1 - - [17/May/2017:19:36:10 +0530] "GET /files/fitnesse/javascript/SpreadsheetTranslator.js HTTP/1.1" 304 0
0:0:0:0:0:0:0:1 - - [17/May/2017:19:36:10 +0530] "GET /files/fitnesse/wysiwyg/wysiwyg.js HTTP/1.1" 304 0
0:0:0:0:0:0:0:1 - - [17/May/2017:19:36:10 +0530] "GET /files/fitnesse/javascript/WikiFormatter.js HTTP/1.1" 304 0
0:0:0:0:0:0:0:1 - - [17/May/2017:19:36:10 +0530] "GET /files/fitnesse/wysiwyg/editor.css HTTP/1.1" 304 0
0:0:0:0:0:0:0:1 - - [17/May/2017:19:36:10 +0530] "GET /files/fitnesse/javascript/TemplateInserter.js HTTP/1.1" 304 0
0:0:0:0:0:0:0:1 - - [17/May/2017:19:36:10 +0530] "GET /files/fitnesse/javascript/jquery.tagsinput.js HTTP/1.1" 304 0
0:0:0:0:0:0:0:1 - - [17/May/2017:19:36:43 +0530] "POST /FrontPage.WelcomeTestCase HTTP/1.1" 303 0
0:0:0:0:0:0:0:1 - - [17/May/2017:19:36:43 +0530] "GET /FrontPage.WelcomeTestCase HTTP/1.1" 200 8154
0:0:0:0:0:0:0:1 - - [17/May/2017:19:36:49 +0530] "GET /FrontPage.WelcomeTestCase?test HTTP/1.1" 200 5307
0:0:0:0:0:0:0:1 - - [17/May/2017:19:36:57 +0530] "GET /FrontPage.WelcomeTestCase?edit HTTP/1.1" 200 5600
0:0:0:0:0:0:0:1 - - [17/May/2017:19:36:59 +0530] "null" 408 1849
0:0:0:0:0:0:0:1 - - [17/May/2017:19:38:20 +0530] "POST /FrontPage.WelcomeTestCase HTTP/1.1" 303 0
0:0:0:0:0:0:0:1 - - [17/May/2017:19:38:20 +0530] "GET /FrontPage.WelcomeTestCase HTTP/1.1" 200 7931
0:0:0:0:0:0:0:1 - - [17/May/2017:19:38:20 +0530] "GET /files/fitnesse/javascript/jquery-1.7.2.min.js HTTP/1.1" 304 0
0:0:0:0:0:0:0:1 - - [17/May/2017:19:38:20 +0530] "GET /files/fitnesse/css/fitnesse_straight.css HTTP/1.1" 304 0
0:0:0:0:0:0:0:1 - - [17/May/2017:19:38:20 +0530] "GET /files/fitnesse/question.mark/question.mark.css HTTP/1.1" 304 0
0:0:0:0:0:0:0:1 - - [17/May/2017:19:38:20 +0530] "GET /files/fitnesse/css/fitnesse_pages.css HTTP/1.1" 304 0
0:0:0:0:0:0:0:1 - - [17/May/2017:19:38:20 +0530] "GET /files/fitnesse/css/fitnesse_wiki.css HTTP/1.1" 304 0
0:0:0:0:0:0:0:1 - - [17/May/2017:19:38:20 +0530] "GET /files/fitnesse/wysiwyg/wysiwyg.css HTTP/1.1" 304 0
0:0:0:0:0:0:0:1 - - [17/May/2017:19:38:20 +0530] "GET /files/fitnesse/javascript/fitnesse.js HTTP/1.1" 304 0
0:0:0:0:0:0:0:1 - - [17/May/2017:19:38:20 +0530] "GET /files/fitnesse/javascript/mousetrap.min.js HTTP/1.1" 304 0
0:0:0:0:0:0:0:1 - - [17/May/2017:19:38:20 +0530] "GET /files/fitnesse/javascript/fitnesse_straight.js HTTP/1.1" 304 0
0:0:0:0:0:0:0:1 - - [17/May/2017:19:38:20 +0530] "GET /files/fitnesse/question.mark/question.mark.js HTTP/1.1" 304 0
0:0:0:0:0:0:0:1 - - [17/May/2017:19:38:20 +0530] "GET /files/fitnesse/images/fitnesse-logo.png HTTP/1.1" 304 0
0:0:0:0:0:0:0:1 - - [17/May/2017:19:38:29 +0530] "GET /FrontPage.WelcomeTestCase?test HTTP/1.1" 200 5307
0:0:0:0:0:0:0:1 - - [17/May/2017:19:38:39 +0530] "null" 408 1849
0:0:0:0:0:0:0:1 - - [17/May/2017:19:38:39 +0530] "null" 408 1849
0:0:0:0:0:0:0:1 - - [17/May/2017:19:38:41 +0530] "GET /ErrorLogs.FrontPage.WelcomeTestCase HTTP/1.1" 200 5755
0:0:0:0:0:0:0:1 - - [17/May/2017:19:38:53 +0530] "null" 408 1849
0:0:0:0:0:0:0:1 - - [17/May/2017:19:38:53 +0530] "null" 408 1849
0:0:0:0:0:0:0:1 - - [17/May/2017:19:38:53 +0530] "null" 408 1849
0:0:0:0:0:0:0:1 - - [17/May/2017:19:39:00 +0530] "GET /FrontPage.WelcomeTestCase?edit HTTP/1.1" 200 5476
0:0:0:0:0:0:0:1 - - [17/May/2017:19:39:00 +0530] "GET /files/fitnesse/javascript/WikiFormatter.js HTTP/1.1" 304 0
0:0:0:0:0:0:0:1 - - [17/May/2017:19:39:00 +0530] "GET /files/fitnesse/javascript/SpreadsheetTranslator.js HTTP/1.1" 304 0
0:0:0:0:0:0:0:1 - - [17/May/2017:19:39:00 +0530] "GET /files/fitnesse/wysiwyg/wysiwyg.js HTTP/1.1" 304 0
0:0:0:0:0:0:0:1 - - [17/May/2017:19:39:00 +0530] "GET /files/fitnesse/javascript/jquery.tagsinput.js HTTP/1.1" 304 0
0:0:0:0:0:0:0:1 - - [17/May/2017:19:39:00 +0530] "GET /files/fitnesse/javascript/TemplateInserter.js HTTP/1.1" 304 0
0:0:0:0:0:0:0:1 - - [17/May/2017:19:39:00 +0530] "GET /files/fitnesse/javascript/textinputs_jquery.js HTTP/1.1" 304 0
0:0:0:0:0:0:0:1 - - [17/May/2017:19:39:00 +0530] "GET /files/fitnesse/wysiwyg/editor.css HTTP/1.1" 304 0
0:0:0:0:0:0:0:1 - - [17/May/2017:19:39:08 +0530] "POST /FrontPage.WelcomeTestCase HTTP/1.1" 303 0
0:0:0:0:0:0:0:1 - - [17/May/2017:19:39:08 +0530] "GET /FrontPage.WelcomeTestCase HTTP/1.1" 200 7929
0:0:0:0:0:0:0:1 - - [17/May/2017:19:40:00 +0530] "GET /files/fitnesse/css/fitnesse_wiki.css HTTP/1.1" 304 0
0:0:0:0:0:0:0:1 - - [17/May/2017:19:40:00 +0530] "GET /files/fitnesse/question.mark/question.mark.css HTTP/1.1" 304 0
0:0:0:0:0:0:0:1 - - [17/May/2017:19:40:00 +0530] "GET /FrontPage.WelcomeTestCase?test HTTP/1.1" 200 5307
0:0:0:0:0:0:0:1 - - [17/May/2017:19:40:00 +0530] "GET /files/fitnesse/css/fitnesse_pages.css HTTP/1.1" 304 0
0:0:0:0:0:0:0:1 - - [17/May/2017:19:40:00 +0530] "GET /files/fitnesse/css/fitnesse_straight.css HTTP/1.1" 304 0
0:0:0:0:0:0:0:1 - - [17/May/2017:19:40:00 +0530] "GET /files/fitnesse/wysiwyg/wysiwyg.css HTTP/1.1" 304 0
0:0:0:0:0:0:0:1 - - [17/May/2017:19:40:00 +0530] "GET /files/fitnesse/javascript/jquery-1.7.2.min.js HTTP/1.1" 304 0
0:0:0:0:0:0:0:1 - - [17/May/2017:19:40:00 +0530] "GET /files/fitnesse/javascript/fitnesse_straight.js HTTP/1.1" 304 0
0:0:0:0:0:0:0:1 - - [17/May/2017:19:40:00 +0530] "GET /files/fitnesse/javascript/fitnesse.js HTTP/1.1" 304 0
0:0:0:0:0:0:0:1 - - [17/May/2017:19:40:00 +0530] "GET /files/fitnesse/images/fitnesse-logo.png HTTP/1.1" 304 0
0:0:0:0:0:0:0:1 - - [17/May/2017:19:40:05 +0530] "GET /FrontPage.WelcomeTestCase?edit HTTP/1.1" 200 5475
0:0:0:0:0:0:0:1 - - [17/May/2017:19:40:29 +0530] "POST /FrontPage.WelcomeTestCase HTTP/1.1" 303 0
0:0:0:0:0:0:0:1 - - [17/May/2017:19:40:29 +0530] "GET /FrontPage.WelcomeTestCase HTTP/1.1" 200 7928
0:0:0:0:0:0:0:1 - - [17/May/2017:19:40:29 +0530] "GET /files/fitnesse/javascript/mousetrap.min.js HTTP/1.1" 304 0
0:0:0:0:0:0:0:1 - - [17/May/2017:19:40:29 +0530] "GET /files/fitnesse/question.mark/question.mark.js HTTP/1.1" 304 0
0:0:0:0:0:0:0:1 - - [17/May/2017:19:40:34 +0530] "GET /FrontPage.WelcomeTestCase?test HTTP/1.1" 200 5308
0:0:0:0:0:0:0:1 - - [17/May/2017:19:40:38 +0530] "GET /FrontPage.WelcomeTestCase?edit HTTP/1.1" 200 5473
0:0:0:0:0:0:0:1 - - [17/May/2017:19:40:38 +0530] "GET /files/fitnesse/javascript/textinputs_jquery.js HTTP/1.1" 304 0
0:0:0:0:0:0:0:1 - - [17/May/2017:19:40:38 +0530] "GET /files/fitnesse/javascript/SpreadsheetTranslator.js HTTP/1.1" 304 0
0:0:0:0:0:0:0:1 - - [17/May/2017:19:40:38 +0530] "GET /files/fitnesse/javascript/WikiFormatter.js HTTP/1.1" 304 0
0:0:0:0:0:0:0:1 - - [17/May/2017:19:40:38 +0530] "GET /files/fitnesse/javascript/TemplateInserter.js HTTP/1.1" 304 0
0:0:0:0:0:0:0:1 - - [17/May/2017:19:40:38 +0530] "GET /files/fitnesse/wysiwyg/wysiwyg.js HTTP/1.1" 304 0
0:0:0:0:0:0:0:1 - - [17/May/2017:19:40:38 +0530] "GET /files/fitnesse/wysiwyg/editor.css HTTP/1.1" 304 0
0:0:0:0:0:0:0:1 - - [17/May/2017:19:40:38 +0530] "GET /files/fitnesse/javascript/jquery.tagsinput.js HTTP/1.1" 304 0
0:0:0:0:0:0:0:1 - - [17/May/2017:19:41:15 +0530] "POST /FrontPage.WelcomeTestCase HTTP/1.1" 303 0
0:0:0:0:0:0:0:1 - - [17/May/2017:19:41:15 +0530] "GET /FrontPage.WelcomeTestCase HTTP/1.1" 200 7928
0:0:0:0:0:0:0:1 - - [17/May/2017:19:41:45 +0530] "GET /files/fitnesse/css/fitnesse_wiki.css HTTP/1.1" 304 0
0:0:0:0:0:0:0:1 - - [17/May/2017:19:41:45 +0530] "GET /files/fitnesse/css/fitnesse_straight.css HTTP/1.1" 304 0
0:0:0:0:0:0:0:1 - - [17/May/2017:19:41:45 +0530] "GET /files/fitnesse/css/fitnesse_pages.css HTTP/1.1" 304 0
0:0:0:0:0:0:0:1 - - [17/May/2017:19:41:45 +0530] "GET /files/fitnesse/wysiwyg/wysiwyg.css HTTP/1.1" 304 0
0:0:0:0:0:0:0:1 - - [17/May/2017:19:41:45 +0530] "GET /files/fitnesse/question.mark/question.mark.css HTTP/1.1" 304 0
0:0:0:0:0:0:0:1 - - [17/May/2017:19:41:45 +0530] "GET /FrontPage.WelcomeTestCase?test HTTP/1.1" 200 5308
0:0:0:0:0:0:0:1 - - [17/May/2017:19:41:45 +0530] "GET /files/fitnesse/javascript/fitnesse_straight.js HTTP/1.1" 304 0
0:0:0:0:0:0:0:1 - - [17/May/2017:19:41:45 +0530] "GET /files/fitnesse/javascript/fitnesse.js HTTP/1.1" 304 0
0:0:0:0:0:0:0:1 - - [17/May/2017:19:41:45 +0530] "GET /files/fitnesse/javascript/jquery-1.7.2.min.js HTTP/1.1" 304 0
0:0:0:0:0:0:0:1 - - [17/May/2017:19:41:45 +0530] "GET /files/fitnesse/images/fitnesse-logo.png HTTP/1.1" 304 0
0:0:0:0:0:0:0:1 - - [17/May/2017:19:41:53 +0530] "GET /FrontPage.WelcomeTestCase?edit HTTP/1.1" 200 5472
0:0:0:0:0:0:0:1 - - [17/May/2017:19:45:08 +0530] "GET / HTTP/1.1" 200 7495
0:0:0:0:0:0:0:1 - - [17/May/2017:19:45:08 +0530] "GET /files/fitnesse/css/fitnesse_wiki.css HTTP/1.1" 304 0
0:0:0:0:0:0:0:1 - - [17/May/2017:19:45:08 +0530] "GET /files/fitnesse/css/fitnesse_pages.css HTTP/1.1" 304 0
0:0:0:0:0:0:0:1 - - [17/May/2017:19:45:08 +0530] "GET /files/fitnesse/wysiwyg/wysiwyg.css HTTP/1.1" 304 0
0:0:0:0:0:0:0:1 - - [17/May/2017:19:45:08 +0530] "GET /files/fitnesse/question.mark/question.mark.css HTTP/1.1" 304 0
0:0:0:0:0:0:0:1 - - [17/May/2017:19:45:09 +0530] "GET /files/fitnesse/css/fitnesse_straight.css HTTP/1.1" 304 0
0:0:0:0:0:0:0:1 - - [17/May/2017:19:45:09 +0530] "GET /files/fitnesse/javascript/jquery-1.7.2.min.js HTTP/1.1" 304 0
0:0:0:0:0:0:0:1 - - [17/May/2017:19:45:09 +0530] "GET /files/fitnesse/question.mark/question.mark.js HTTP/1.1" 304 0
0:0:0:0:0:0:0:1 - - [17/May/2017:19:45:09 +0530] "GET /files/fitnesse/javascript/fitnesse.js HTTP/1.1" 304 0
0:0:0:0:0:0:0:1 - - [17/May/2017:19:45:09 +0530] "GET /files/fitnesse/javascript/fitnesse_straight.js HTTP/1.1" 304 0
0:0:0:0:0:0:0:1 - - [17/May/2017:19:45:09 +0530] "GET /files/fitnesse/javascript/mousetrap.min.js HTTP/1.1" 304 0
0:0:0:0:0:0:0:1 - - [17/May/2017:19:45:09 +0530] "GET /files/fitnesse/images/fitnesse-logo.png HTTP/1.1" 304 0
0:0:0:0:0:0:0:1 - - [17/May/2017:19:45:34 +0530] "GET /FrontPage.WelcomeTestCase HTTP/1.1" 200 7928
0:0:0:0:0:0:0:1 - - [17/May/2017:19:45:42 +0530] "GET /FrontPage.WelcomeTestCase?test HTTP/1.1" 200 5308
0:0:0:0:0:0:0:1 - - [17/May/2017:19:45:44 +0530] "null" 408 1849
0:0:0:0:0:0:0:1 - - [17/May/2017:19:45:44 +0530] "null" 408 1849
0:0:0:0:0:0:0:1 - - [17/May/2017:19:45:44 +0530] "null" 408 1849
0:0:0:0:0:0:0:1 - - [17/May/2017:19:45:44 +0530] "null" 408 1849
0:0:0:0:0:0:0:1 - - [17/May/2017:19:45:47 +0530] "GET /FrontPage.WelcomeTestCase?edit HTTP/1.1" 200 5475
0:0:0:0:0:0:0:1 - - [17/May/2017:19:45:47 +0530] "GET /files/fitnesse/javascript/WikiFormatter.js HTTP/1.1" 304 0
0:0:0:0:0:0:0:1 - - [17/May/2017:19:45:47 +0530] "GET /files/fitnesse/wysiwyg/editor.css HTTP/1.1" 304 0
0:0:0:0:0:0:0:1 - - [17/May/2017:19:45:47 +0530] "GET /files/fitnesse/javascript/textinputs_jquery.js HTTP/1.1" 304 0
0:0:0:0:0:0:0:1 - - [17/May/2017:19:45:47 +0530] "GET /files/fitnesse/wysiwyg/wysiwyg.js HTTP/1.1" 304 0
0:0:0:0:0:0:0:1 - - [17/May/2017:19:45:47 +0530] "GET /files/fitnesse/javascript/TemplateInserter.js HTTP/1.1" 304 0
0:0:0:0:0:0:0:1 - - [17/May/2017:19:45:47 +0530] "GET /files/fitnesse/javascript/SpreadsheetTranslator.js HTTP/1.1" 304 0
0:0:0:0:0:0:0:1 - - [17/May/2017:19:45:47 +0530] "GET /files/fitnesse/javascript/jquery.tagsinput.js HTTP/1.1" 304 0
127.0.0.1 - - [17/May/2017:19:47:25 +0530] "GET /?responder=shutdown HTTP/1.1" 200 1762
